# Possible reasons:
#   The system is out of physical RAM or swap space
#   The process is running with CompressedOops enabled, and the Java Heap may be blocking the growth of the native heap
# Possible solutions:
#   Reduce memory load on the system
#   Increase physical memory or swap space
#   Check if swap backing store is full
#   Decrease Java heap size (-Xmx/-Xms)
#   Decrease number of Java threads
#   Decrease Java thread stack sizes (-Xss)
#   Set larger code cache with -XX:ReservedCodeCacheSize=
# This output file may be truncated or incomplete.
#
#  , pid=16236
V  [jvm.dll+0x78fbcc]
V  [jvm.dll+0x790293]
V  [jvm.dll+0x265118]
V  [jvm.dll+0xca05b]
V  [jvm.dll+0xca3bc]
V  [jvm.dll+0x1c0b0a]
V  [jvm.dll+0x17367f]
V  [jvm.dll+0x168d83]
V  [jvm.dll+0x16561e]
V  [jvm.dll+0x150620]
V  [jvm.dll+0x1366d9]
V  [jvm.dll+0x135fd9]
V  [jvm.dll+0x13620f]
V  [jvm.dll+0x135387]
V  [jvm.dll+0x137427]
V  [jvm.dll+0x22c754]
V  [jvm.dll+0x22a9e1]
V  [jvm.dll+0x74ff8c]
V  [jvm.dll+0x748b7d]
V  [jvm.dll+0x64a5f6]
C  [ucrtbase.dll+0x26c0c]
C  [KERNEL32.DLL+0x154e0]
C  [ntdll.dll+0x485b]


---------------  P R O C E S S  ---------------

Threads class SMR info:
_java_thread_list=0x00000223a7f8e980, length=78, elements={
0x0000022389695000, 0x00000223a64d8000, 0x00000223a64dc000, 0x00000223a64fd800,
0x00000223a64fe000, 0x00000223a6501000, 0x00000223a6502000, 0x00000223a6503000,
0x00000223a6ef9000, 0x00000223a6fef000, 0x00000223a89be800, 0x00000223a7a52800,
0x00000223a7bf0800, 0x00000223a732d000, 0x00000223a883e800, 0x00000223a83ea000,
0x00000223a735c000, 0x00000223a735c800, 0x00000223a7c7e000, 0x00000223a7c7f000,
0x00000223a8f29000, 0x00000223a8f29800, 0x00000223a8f2a800, 0x00000223a8f25000,
0x00000223a8f2b800, 0x00000223a8f26800, 0x00000223a8f25800, 0x00000223a8f28000,
0x00000223a8f27000, 0x00000223ab933000, 0x00000223ab932000, 0x00000223ab92f800,
0x00000223ab92e800, 0x00000223ab931000, 0x00000223ab92e000, 0x00000223ab934800,
0x00000223ab935800, 0x00000223ab936000, 0x00000223ab930800, 0x00000223ab93c000,
0x00000223ab938800, 0x00000223ab937000, 0x00000223ab93a000, 0x00000223ab937800,
0x00000223ab93b000, 0x00000223ab939800, 0x00000223a8dcf800, 0x00000223a8dce800,
0x00000223a8dd0800, 0x00000223a8dca800, 0x00000223a8dcc800, 0x00000223a8dcd000,
0x00000223a8dd1000, 0x00000223a8dce000, 0x00000223a8dcb800, 0x00000223a91e6000,
0x00000223a91e7000, 0x00000223a91e9800, 0x00000223a91ec000, 0x00000223a91ec800,
0x00000223a91ea000, 0x00000223a91eb000, 0x00000223a91ed800, 0x00000223a91e8000,
0x00000223a91e8800, 0x00000223a91f2800, 0x00000223a91f1000, 0x00000223a91f4000,
0x00000223a91f1800, 0x00000223a91ef000, 0x00000223a91f3000, 0x00000223a91ee800,
0x00000223a91f5000, 0x00000223a91f0000, 0x00000223abf75000, 0x00000223abf77800,
0x00000223abf78800, 0x00000223abf73800
}

Java Threads: ( => current thread )
  0x0000022389695000 JavaThread "main" [_thread_blocked, id=5268, stack(0x0000006c81900000,0x0000006c81a00000)]
  0x00000223a64d8000 JavaThread "Reference Handler" daemon [_thread_blocked, id=6888, stack(0x0000006c82000000,0x0000006c82100000)]
  0x00000223a64dc000 JavaThread "Finalizer" daemon [_thread_blocked, id=9472, stack(0x0000006c82100000,0x0000006c82200000)]
  0x00000223a64fd800 JavaThread "Signal Dispatcher" daemon [_thread_blocked, id=18104, stack(0x0000006c82200000,0x0000006c82300000)]
  0x00000223a64fe000 JavaThread "Attach Listener" daemon [_thread_blocked, id=15552, stack(0x0000006c82300000,0x0000006c82400000)]
  0x00000223a6501000 JavaThread "Service Thread" daemon [_thread_blocked, id=19760, stack(0x0000006c82400000,0x0000006c82500000)]
  0x00000223a6502000 JavaThread "C2 CompilerThread0" daemon [_thread_blocked, id=3852, stack(0x0000006c82500000,0x0000006c82600000)]
=>0x00000223a6503000 JavaThread "C1 CompilerThread0" daemon [_thread_in_native, id=17140, stack(0x0000006c82600000,0x0000006c82700000)]
  0x00000223a6ef9000 JavaThread "Sweeper thread" daemon [_thread_blocked, id=17732, stack(0x0000006c82700000,0x0000006c82800000)]
  0x00000223a6fef000 JavaThread "Common-Cleaner" daemon [_thread_blocked, id=2872, stack(0x0000006c82800000,0x0000006c82900000)]
  0x00000223a89be800 JavaThread "Daemon health stats" [_thread_blocked, id=15340, stack(0x0000006c82d00000,0x0000006c82e00000)]
  0x00000223a7a52800 JavaThread "Incoming local TCP Connector on port 50219" [_thread_in_native, id=18888, stack(0x0000006c82e00000,0x0000006c82f00000)]
  0x00000223a7bf0800 JavaThread "Daemon periodic checks" [_thread_blocked, id=8400, stack(0x0000006c82f00000,0x0000006c83000000)]
  0x00000223a732d000 JavaThread "Daemon" [_thread_blocked, id=4988, stack(0x0000006c83000000,0x0000006c83100000)]
  0x00000223a883e800 JavaThread "Handler for socket connection from /127.0.0.1:50219 to /127.0.0.1:50220" [_thread_in_native, id=16532, stack(0x0000006c83100000,0x0000006c83200000)]
  0x00000223a83ea000 JavaThread "Cancel handler" [_thread_blocked, id=13420, stack(0x0000006c83200000,0x0000006c83300000)]
  0x00000223a735c000 JavaThread "Daemon worker" [_thread_in_native, id=6600, stack(0x0000006c83300000,0x0000006c83400000)]
  0x00000223a735c800 JavaThread "Asynchronous log dispatcher for DefaultDaemonConnection: socket connection from /127.0.0.1:50219 to /127.0.0.1:50220" [_thread_blocked, id=18664, stack(0x0000006c83400000,0x0000006c83500000)]
  0x00000223a7c7e000 JavaThread "Stdin handler" [_thread_blocked, id=5488, stack(0x0000006c83500000,0x0000006c83600000)]
  0x00000223a7c7f000 JavaThread "Daemon client event forwarder" [_thread_blocked, id=9944, stack(0x0000006c83600000,0x0000006c83700000)]
  0x00000223a8f29000 JavaThread "Cache worker for journal cache (C:\Users\HP\.gradle\caches\journal-1)" [_thread_blocked, id=16900, stack(0x0000006c83700000,0x0000006c83800000)]
  0x00000223a8f29800 JavaThread "File lock request listener" [_thread_in_native, id=16144, stack(0x0000006c83800000,0x0000006c83900000)]
  0x00000223a8f2a800 JavaThread "Cache worker for file hash cache (C:\Users\HP\.gradle\caches\7.2\fileHashes)" [_thread_blocked, id=18080, stack(0x0000006c83900000,0x0000006c83a00000)]
  0x00000223a8f25000 JavaThread "Cache worker for file hash cache (C:\Users\HP\Downloads\react-native\jumstore\android\.gradle\7.2\fileHashes)" [_thread_blocked, id=16904, stack(0x0000006c83b00000,0x0000006c83c00000)]
  0x00000223a8f2b800 JavaThread "File watcher server" daemon [_thread_in_native, id=8776, stack(0x0000006c83a00000,0x0000006c83b00000)]
  0x00000223a8f26800 JavaThread "File watcher consumer" daemon [_thread_blocked, id=7344, stack(0x0000006c83c00000,0x0000006c83d00000)]
  0x00000223a8f25800 JavaThread "Cache worker for checksums cache (C:\Users\HP\Downloads\react-native\jumstore\android\.gradle\checksums)" [_thread_blocked, id=10584, stack(0x0000006c83d00000,0x0000006c83e00000)]
  0x00000223a8f28000 JavaThread "Cache worker for cache directory md-supplier (C:\Users\HP\.gradle\caches\7.2\md-supplier)" [_thread_blocked, id=10808, stack(0x0000006c83e00000,0x0000006c83f00000)]
  0x00000223a8f27000 JavaThread "Cache worker for cache directory md-rule (C:\Users\HP\.gradle\caches\7.2\md-rule)" [_thread_blocked, id=17912, stack(0x0000006c84000000,0x0000006c84100000)]
  0x00000223ab933000 JavaThread "Cache worker for execution history cache (C:\Users\HP\.gradle\caches\7.2\executionHistory)" [_thread_blocked, id=19004, stack(0x0000006c83f00000,0x0000006c84000000)]
  0x00000223ab932000 JavaThread "jar transforms" [_thread_blocked, id=13536, stack(0x0000006c84100000,0x0000006c84200000)]
  0x00000223ab92f800 JavaThread "jar transforms Thread 2" [_thread_blocked, id=11572, stack(0x0000006c84200000,0x0000006c84300000)]
  0x00000223ab92e800 JavaThread "Cache worker for file content cache (C:\Users\HP\.gradle\caches\7.2\fileContent)" [_thread_blocked, id=7952, stack(0x0000006c84300000,0x0000006c84400000)]
  0x00000223ab931000 JavaThread "jar transforms Thread 3" [_thread_blocked, id=11784, stack(0x0000006c84400000,0x0000006c84500000)]
  0x00000223ab92e000 JavaThread "jar transforms Thread 4" [_thread_blocked, id=17084, stack(0x0000006c84500000,0x0000006c84600000)]
  0x00000223ab934800 JavaThread "Cache worker for dependencies-accessors (C:\Users\HP\Downloads\react-native\jumstore\android\.gradle\7.2\dependencies-accessors)" [_thread_blocked, id=16240, stack(0x0000006c81600000,0x0000006c81700000)]
  0x00000223ab935800 JavaThread "Cache worker for Build Output Cleanup Cache (C:\Users\HP\Downloads\react-native\jumstore\android\.gradle\buildOutputCleanup)" [_thread_blocked, id=3944, stack(0x0000006c81700000,0x0000006c81800000)]
  0x00000223ab936000 JavaThread "Unconstrained build operations" [_thread_blocked, id=8812, stack(0x0000006c81800000,0x0000006c81900000)]
  0x00000223ab930800 JavaThread "Unconstrained build operations Thread 2" [_thread_blocked, id=7872, stack(0x0000006c84800000,0x0000006c84900000)]
  0x00000223ab93c000 JavaThread "Unconstrained build operations Thread 3" [_thread_blocked, id=20232, stack(0x0000006c84900000,0x0000006c84a00000)]
  0x00000223ab938800 JavaThread "Unconstrained build operations Thread 4" [_thread_blocked, id=9424, stack(0x0000006c84a00000,0x0000006c84b00000)]
  0x00000223ab937000 JavaThread "Unconstrained build operations Thread 5" [_thread_blocked, id=10796, stack(0x0000006c84b00000,0x0000006c84c00000)]
  0x00000223ab93a000 JavaThread "Unconstrained build operations Thread 6" [_thread_blocked, id=636, stack(0x0000006c84c00000,0x0000006c84d00000)]
  0x00000223ab937800 JavaThread "Unconstrained build operations Thread 7" [_thread_blocked, id=2044, stack(0x0000006c84d00000,0x0000006c84e00000)]
  0x00000223ab93b000 JavaThread "Unconstrained build operations Thread 8" [_thread_blocked, id=13436, stack(0x0000006c84e00000,0x0000006c84f00000)]
  0x00000223ab939800 JavaThread "Unconstrained build operations Thread 9" [_thread_blocked, id=3640, stack(0x0000006c84f00000,0x0000006c85000000)]
  0x00000223a8dcf800 JavaThread "Unconstrained build operations Thread 10" [_thread_blocked, id=1684, stack(0x0000006c85000000,0x0000006c85100000)]
  0x00000223a8dce800 JavaThread "Unconstrained build operations Thread 11" [_thread_blocked, id=20268, stack(0x0000006c85100000,0x0000006c85200000)]
  0x00000223a8dd0800 JavaThread "Unconstrained build operations Thread 12" [_thread_blocked, id=8896, stack(0x0000006c85200000,0x0000006c85300000)]
  0x00000223a8dca800 JavaThread "Unconstrained build operations Thread 13" [_thread_blocked, id=4696, stack(0x0000006c85300000,0x0000006c85400000)]
  0x00000223a8dcc800 JavaThread "Unconstrained build operations Thread 14" [_thread_blocked, id=12488, stack(0x0000006c85400000,0x0000006c85500000)]
  0x00000223a8dcd000 JavaThread "Unconstrained build operations Thread 15" [_thread_blocked, id=17032, stack(0x0000006c85500000,0x0000006c85600000)]
  0x00000223a8dd1000 JavaThread "Unconstrained build operations Thread 16" [_thread_blocked, id=12700, stack(0x0000006c85600000,0x0000006c85700000)]
  0x00000223a8dce000 JavaThread "Unconstrained build operations Thread 17" [_thread_blocked, id=932, stack(0x0000006c85700000,0x0000006c85800000)]
  0x00000223a8dcb800 JavaThread "Unconstrained build operations Thread 18" [_thread_blocked, id=6064, stack(0x0000006c85800000,0x0000006c85900000)]
  0x00000223a91e6000 JavaThread "Unconstrained build operations Thread 19" [_thread_blocked, id=8528, stack(0x0000006c85900000,0x0000006c85a00000)]
  0x00000223a91e7000 JavaThread "Unconstrained build operations Thread 20" [_thread_blocked, id=14900, stack(0x0000006c85a00000,0x0000006c85b00000)]
  0x00000223a91e9800 JavaThread "Unconstrained build operations Thread 21" [_thread_blocked, id=9400, stack(0x0000006c85b00000,0x0000006c85c00000)]
  0x00000223a91ec000 JavaThread "Unconstrained build operations Thread 22" [_thread_blocked, id=11224, stack(0x0000006c85c00000,0x0000006c85d00000)]
  0x00000223a91ec800 JavaThread "Unconstrained build operations Thread 23" [_thread_blocked, id=11040, stack(0x0000006c85d00000,0x0000006c85e00000)]
  0x00000223a91ea000 JavaThread "Unconstrained build operations Thread 24" [_thread_blocked, id=9172, stack(0x0000006c85e00000,0x0000006c85f00000)]
  0x00000223a91eb000 JavaThread "Unconstrained build operations Thread 25" [_thread_blocked, id=3384, stack(0x0000006c85f00000,0x0000006c86000000)]
  0x00000223a91ed800 JavaThread "Unconstrained build operations Thread 26" [_thread_blocked, id=12924, stack(0x0000006c86000000,0x0000006c86100000)]
  0x00000223a91e8000 JavaThread "Unconstrained build operations Thread 27" [_thread_blocked, id=6596, stack(0x0000006c86100000,0x0000006c86200000)]
  0x00000223a91e8800 JavaThread "Unconstrained build operations Thread 28" [_thread_blocked, id=6908, stack(0x0000006c86200000,0x0000006c86300000)]
  0x00000223a91f2800 JavaThread "Unconstrained build operations Thread 29" [_thread_blocked, id=12064, stack(0x0000006c86300000,0x0000006c86400000)]
  0x00000223a91f1000 JavaThread "Unconstrained build operations Thread 30" [_thread_blocked, id=17020, stack(0x0000006c86400000,0x0000006c86500000)]
  0x00000223a91f4000 JavaThread "Unconstrained build operations Thread 31" [_thread_blocked, id=9384, stack(0x0000006c86500000,0x0000006c86600000)]
  0x00000223a91f1800 JavaThread "Unconstrained build operations Thread 32" [_thread_blocked, id=6860, stack(0x0000006c86600000,0x0000006c86700000)]
  0x00000223a91ef000 JavaThread "Unconstrained build operations Thread 33" [_thread_blocked, id=16804, stack(0x0000006c86700000,0x0000006c86800000)]
  0x00000223a91f3000 JavaThread "Unconstrained build operations Thread 34" [_thread_blocked, id=16016, stack(0x0000006c86800000,0x0000006c86900000)]
  0x00000223a91ee800 JavaThread "Unconstrained build operations Thread 35" [_thread_blocked, id=9636, stack(0x0000006c86900000,0x0000006c86a00000)]
  0x00000223a91f5000 JavaThread "Unconstrained build operations Thread 36" [_thread_blocked, id=13120, stack(0x0000006c86a00000,0x0000006c86b00000)]
  0x00000223a91f0000 JavaThread "Unconstrained build operations Thread 37" [_thread_blocked, id=18632, stack(0x0000006c86b00000,0x0000006c86c00000)]
  0x00000223abf75000 JavaThread "Unconstrained build operations Thread 38" [_thread_blocked, id=2528, stack(0x0000006c86c00000,0x0000006c86d00000)]
  0x00000223abf77800 JavaThread "Unconstrained build operations Thread 39" [_thread_blocked, id=15848, stack(0x0000006c86d00000,0x0000006c86e00000)]
  0x00000223abf78800 JavaThread "Unconstrained build operations Thread 40" [_thread_blocked, id=13940, stack(0x0000006c86e00000,0x0000006c86f00000)]
  0x00000223abf73800 JavaThread "Memory manager" [_thread_blocked, id=15804, stack(0x0000006c86f00000,0x0000006c87000000)]

Other Threads:
  0x00000223a64b4000 VMThread "VM Thread" [stack: 0x0000006c81f00000,0x0000006c82000000] [id=12912]
  0x00000223a7017800 WatcherThread [stack: 0x0000006c82900000,0x0000006c82a00000] [id=1752]
  0x00000223896ad000 GCTaskThread "GC Thread#0" [stack: 0x0000006c81a00000,0x0000006c81b00000] [id=19304]
  0x00000223a725e800 GCTaskThread "GC Thread#1" [stack: 0x0000006c82a00000,0x0000006c82b00000] [id=17396]
  0x00000223a734c000 GCTaskThread "GC Thread#2" [stack: 0x0000006c82b00000,0x0000006c82c00000] [id=19192]
  0x00000223a734d000 GCTaskThread "GC Thread#3" [stack: 0x0000006c82c00000,0x0000006c82d00000] [id=9280]
  0x00000223896bd800 ConcurrentGCThread "G1 Main Marker" [stack: 0x0000006c81b00000,0x0000006c81c00000] [id=11124]
  0x00000223896bf000 ConcurrentGCThread "G1 Conc#0" [stack: 0x0000006c81c00000,0x0000006c81d00000] [id=852]
  0x000002238976d800 ConcurrentGCThread "G1 Refine#0" [stack: 0x0000006c81d00000,0x0000006c81e00000] [id=18096]
  0x00000223a6353800 ConcurrentGCThread "G1 Young RemSet Sampling" [stack: 0x0000006c81e00000,0x0000006c81f00000] [id=14752]

Threads with active compile tasks:
C1 CompilerThread0 126301 6642   !   3       org.gradle.internal.dispatch.ReflectionDispatch::dispatch (42 bytes)

VM state:not at safepoint (normal execution)

VM Mutex/Monitor currently owned by a thread: None

Heap address: 0x00000000e0000000, size: 512 MB, Compressed Oops mode: 32-bit
Narrow klass base: 0x0000000000000000, Narrow klass shift: 3
Compressed class space size: 260046848 Address: 0x0000000100000000

Heap:
 garbage-first heap   total 262144K, used 151456K [0x00000000e0000000, 0x0000000100000000)
  region size 1024K, 108 young (110592K), 5 survivors (5120K)
 Metaspace       used 64351K, capacity 66141K, committed 66300K, reserved 313344K
  class space    used 8033K, capacity 8777K, committed 8832K, reserved 253952K
Heap Regions: E=young(eden), S=young(survivor), O=old, HS=humongous(starts), HC=humongous(continues), CS=collection set, F=free, A=archive, TAMS=top-at-mark-start (previous, next)
|   0|0x00000000e0000000, 0x00000000e0100000, 0x00000000e0100000|100%| O|  |TAMS 0x00000000e0100000, 0x00000000e0000000| Untracked 
|   1|0x00000000e0100000, 0x00000000e0200000, 0x00000000e0200000|100%| O|  |TAMS 0x00000000e0200000, 0x00000000e0100000| Untracked 
|   2|0x00000000e0200000, 0x00000000e0300000, 0x00000000e0300000|100%| O|  |TAMS 0x00000000e0300000, 0x00000000e0200000| Untracked 
|   3|0x00000000e0300000, 0x00000000e0400000, 0x00000000e0400000|100%|HS|  |TAMS 0x00000000e0400000, 0x00000000e0300000| Complete 
|   4|0x00000000e0400000, 0x00000000e0500000, 0x00000000e0500000|100%|HC|  |TAMS 0x00000000e0500000, 0x00000000e0400000| Complete 
|   5|0x00000000e0500000, 0x00000000e0600000, 0x00000000e0600000|100%|HC|  |TAMS 0x00000000e0600000, 0x00000000e0500000| Complete 
|   6|0x00000000e0600000, 0x00000000e0700000, 0x00000000e0700000|100%| O|  |TAMS 0x00000000e0700000, 0x00000000e0600000| Untracked 
|   7|0x00000000e0700000, 0x00000000e0800000, 0x00000000e0800000|100%| O|  |TAMS 0x00000000e0800000, 0x00000000e0700000| Untracked 
|   8|0x00000000e0800000, 0x00000000e0900000, 0x00000000e0900000|100%| O|  |TAMS 0x00000000e0900000, 0x00000000e0800000| Untracked 
|   9|0x00000000e0900000, 0x00000000e0a00000, 0x00000000e0a00000|100%| O|  |TAMS 0x00000000e0a00000, 0x00000000e0900000| Untracked 
|  10|0x00000000e0a00000, 0x00000000e0b00000, 0x00000000e0b00000|100%| O|  |TAMS 0x00000000e0b00000, 0x00000000e0a00000| Untracked 
|  11|0x00000000e0b00000, 0x00000000e0c00000, 0x00000000e0c00000|100%| O|  |TAMS 0x00000000e0c00000, 0x00000000e0b00000| Untracked 
|  12|0x00000000e0c00000, 0x00000000e0d00000, 0x00000000e0d00000|100%| O|  |TAMS 0x00000000e0d00000, 0x00000000e0c00000| Untracked 
|  13|0x00000000e0d00000, 0x00000000e0e00000, 0x00000000e0e00000|100%| O|  |TAMS 0x00000000e0e00000, 0x00000000e0d00000| Untracked 
|  14|0x00000000e0e00000, 0x00000000e0f00000, 0x00000000e0f00000|100%| O|  |TAMS 0x00000000e0f00000, 0x00000000e0e00000| Untracked 
|  15|0x00000000e0f00000, 0x00000000e1000000, 0x00000000e1000000|100%| O|  |TAMS 0x00000000e1000000, 0x00000000e0f00000| Untracked 
|  16|0x00000000e1000000, 0x00000000e1100000, 0x00000000e1100000|100%| O|  |TAMS 0x00000000e1100000, 0x00000000e1000000| Untracked 
|  17|0x00000000e1100000, 0x00000000e1200000, 0x00000000e1200000|100%| O|  |TAMS 0x00000000e1200000, 0x00000000e1100000| Untracked 
|  18|0x00000000e1200000, 0x00000000e1300000, 0x00000000e1300000|100%|HS|  |TAMS 0x00000000e1300000, 0x00000000e1200000| Complete 
|  19|0x00000000e1300000, 0x00000000e1400000, 0x00000000e1400000|100%|HS|  |TAMS 0x00000000e1400000, 0x00000000e1300000| Complete 
|  20|0x00000000e1400000, 0x00000000e1500000, 0x00000000e1500000|100%|HC|  |TAMS 0x00000000e1500000, 0x00000000e1400000| Complete 
|  21|0x00000000e1500000, 0x00000000e1600000, 0x00000000e1600000|100%| O|  |TAMS 0x00000000e1600000, 0x00000000e1500000| Untracked 
|  22|0x00000000e1600000, 0x00000000e1700000, 0x00000000e1700000|100%| O|  |TAMS 0x00000000e1700000, 0x00000000e1600000| Untracked 
|  23|0x00000000e1700000, 0x00000000e1800000, 0x00000000e1800000|100%| O|  |TAMS 0x00000000e1800000, 0x00000000e1700000| Untracked 
|  24|0x00000000e1800000, 0x00000000e1900000, 0x00000000e1900000|100%| O|  |TAMS 0x00000000e1900000, 0x00000000e1800000| Untracked 
|  25|0x00000000e1900000, 0x00000000e1a00000, 0x00000000e1a00000|100%| O|  |TAMS 0x00000000e1a00000, 0x00000000e1900000| Untracked 
|  26|0x00000000e1a00000, 0x00000000e1b00000, 0x00000000e1b00000|100%| O|  |TAMS 0x00000000e1b00000, 0x00000000e1a00000| Untracked 
|  27|0x00000000e1b00000, 0x00000000e1c00000, 0x00000000e1c00000|100%| O|  |TAMS 0x00000000e1c00000, 0x00000000e1b00000| Untracked 
|  28|0x00000000e1c00000, 0x00000000e1d00000, 0x00000000e1d00000|100%| O|  |TAMS 0x00000000e1d00000, 0x00000000e1c00000| Untracked 
|  29|0x00000000e1d00000, 0x00000000e1e00000, 0x00000000e1e00000|100%| O|  |TAMS 0x00000000e1e00000, 0x00000000e1d00000| Untracked 
|  30|0x00000000e1e00000, 0x00000000e1f00000, 0x00000000e1f00000|100%| O|  |TAMS 0x00000000e1f00000, 0x00000000e1e00000| Untracked 
|  31|0x00000000e1f00000, 0x00000000e2000000, 0x00000000e2000000|100%| O|  |TAMS 0x00000000e2000000, 0x00000000e1f00000| Untracked 
|  32|0x00000000e2000000, 0x00000000e2100000, 0x00000000e2100000|100%| O|  |TAMS 0x00000000e2100000, 0x00000000e2000000| Untracked 
|  33|0x00000000e2100000, 0x00000000e2200000, 0x00000000e2200000|100%| O|  |TAMS 0x00000000e2200000, 0x00000000e2100000| Untracked 
|  34|0x00000000e2200000, 0x00000000e2300000, 0x00000000e2300000|100%| O|  |TAMS 0x00000000e2300000, 0x00000000e2200000| Untracked 
|  35|0x00000000e2300000, 0x00000000e2400000, 0x00000000e2400000|100%| O|  |TAMS 0x00000000e2400000, 0x00000000e2300000| Untracked 
|  36|0x00000000e2400000, 0x00000000e2500000, 0x00000000e2500000|100%| O|  |TAMS 0x00000000e2500000, 0x00000000e2400000| Untracked 
|  37|0x00000000e2500000, 0x00000000e2600000, 0x00000000e2600000|100%| O|  |TAMS 0x00000000e2600000, 0x00000000e2500000| Untracked 
|  38|0x00000000e2600000, 0x00000000e2700000, 0x00000000e2700000|100%| O|  |TAMS 0x00000000e2700000, 0x00000000e2600000| Untracked 
|  39|0x00000000e2700000, 0x00000000e2800000, 0x00000000e2800000|100%| O|  |TAMS 0x00000000e2800000, 0x00000000e2700000| Untracked 
|  40|0x00000000e2800000, 0x00000000e2900000, 0x00000000e2900000|100%| O|  |TAMS 0x00000000e2900000, 0x00000000e2800000| Untracked 
|  41|0x00000000e2900000, 0x00000000e2968200, 0x00000000e2a00000| 40%| O|  |TAMS 0x00000000e2968200, 0x00000000e2900000| Untracked 
|  42|0x00000000e2a00000, 0x00000000e2b00000, 0x00000000e2b00000|100%|HS|  |TAMS 0x00000000e2a00000, 0x00000000e2a00000| Complete 
|  43|0x00000000e2b00000, 0x00000000e2b00000, 0x00000000e2c00000|  0%| F|  |TAMS 0x00000000e2b00000, 0x00000000e2b00000| Untracked 
|  44|0x00000000e2c00000, 0x00000000e2c00000, 0x00000000e2d00000|  0%| F|  |TAMS 0x00000000e2c00000, 0x00000000e2c00000| Untracked 
|  45|0x00000000e2d00000, 0x00000000e2d00000, 0x00000000e2e00000|  0%| F|  |TAMS 0x00000000e2d00000, 0x00000000e2d00000| Untracked 
|  46|0x00000000e2e00000, 0x00000000e2e00000, 0x00000000e2f00000|  0%| F|  |TAMS 0x00000000e2e00000, 0x00000000e2e00000| Untracked 
|  47|0x00000000e2f00000, 0x00000000e2f00000, 0x00000000e3000000|  0%| F|  |TAMS 0x00000000e2f00000, 0x00000000e2f00000| Untracked 
|  48|0x00000000e3000000, 0x00000000e3000000, 0x00000000e3100000|  0%| F|  |TAMS 0x00000000e3000000, 0x00000000e3000000| Untracked 
|  49|0x00000000e3100000, 0x00000000e3100000, 0x00000000e3200000|  0%| F|  |TAMS 0x00000000e3100000, 0x00000000e3100000| Untracked 
|  50|0x00000000e3200000, 0x00000000e3200000, 0x00000000e3300000|  0%| F|  |TAMS 0x00000000e3200000, 0x00000000e3200000| Untracked 
|  51|0x00000000e3300000, 0x00000000e3300000, 0x00000000e3400000|  0%| F|  |TAMS 0x00000000e3300000, 0x00000000e3300000| Untracked 
|  52|0x00000000e3400000, 0x00000000e3400000, 0x00000000e3500000|  0%| F|  |TAMS 0x00000000e3400000, 0x00000000e3400000| Untracked 
|  53|0x00000000e3500000, 0x00000000e3500000, 0x00000000e3600000|  0%| F|  |TAMS 0x00000000e3500000, 0x00000000e3500000| Untracked 
|  54|0x00000000e3600000, 0x00000000e3600000, 0x00000000e3700000|  0%| F|  |TAMS 0x00000000e3600000, 0x00000000e3600000| Untracked 
|  55|0x00000000e3700000, 0x00000000e3700000, 0x00000000e3800000|  0%| F|  |TAMS 0x00000000e3700000, 0x00000000e3700000| Untracked 
|  56|0x00000000e3800000, 0x00000000e3800000, 0x00000000e3900000|  0%| F|  |TAMS 0x00000000e3800000, 0x00000000e3800000| Untracked 
|  57|0x00000000e3900000, 0x00000000e3900000, 0x00000000e3a00000|  0%| F|  |TAMS 0x00000000e3900000, 0x00000000e3900000| Untracked 
|  58|0x00000000e3a00000, 0x00000000e3a00000, 0x00000000e3b00000|  0%| F|  |TAMS 0x00000000e3a00000, 0x00000000e3a00000| Untracked 
|  59|0x00000000e3b00000, 0x00000000e3b00000, 0x00000000e3c00000|  0%| F|  |TAMS 0x00000000e3b00000, 0x00000000e3b00000| Untracked 
|  60|0x00000000e3c00000, 0x00000000e3c00000, 0x00000000e3d00000|  0%| F|  |TAMS 0x00000000e3c00000, 0x00000000e3c00000| Untracked 
|  61|0x00000000e3d00000, 0x00000000e3d00000, 0x00000000e3e00000|  0%| F|  |TAMS 0x00000000e3d00000, 0x00000000e3d00000| Untracked 
|  62|0x00000000e3e00000, 0x00000000e3e00000, 0x00000000e3f00000|  0%| F|  |TAMS 0x00000000e3e00000, 0x00000000e3e00000| Untracked 
|  63|0x00000000e3f00000, 0x00000000e3f00000, 0x00000000e4000000|  0%| F|  |TAMS 0x00000000e3f00000, 0x00000000e3f00000| Untracked 
|  64|0x00000000e4000000, 0x00000000e4000000, 0x00000000e4100000|  0%| F|  |TAMS 0x00000000e4000000, 0x00000000e4000000| Untracked 
|  65|0x00000000e4100000, 0x00000000e4100000, 0x00000000e4200000|  0%| F|  |TAMS 0x00000000e4100000, 0x00000000e4100000| Untracked 
|  66|0x00000000e4200000, 0x00000000e4200000, 0x00000000e4300000|  0%| F|  |TAMS 0x00000000e4200000, 0x00000000e4200000| Untracked 
|  67|0x00000000e4300000, 0x00000000e4300000, 0x00000000e4400000|  0%| F|  |TAMS 0x00000000e4300000, 0x00000000e4300000| Untracked 
|  68|0x00000000e4400000, 0x00000000e4400000, 0x00000000e4500000|  0%| F|  |TAMS 0x00000000e4400000, 0x00000000e4400000| Untracked 
|  69|0x00000000e4500000, 0x00000000e4500000, 0x00000000e4600000|  0%| F|  |TAMS 0x00000000e4500000, 0x00000000e4500000| Untracked 
|  70|0x00000000e4600000, 0x00000000e4600000, 0x00000000e4700000|  0%| F|  |TAMS 0x00000000e4600000, 0x00000000e4600000| Untracked 
|  71|0x00000000e4700000, 0x00000000e4700000, 0x00000000e4800000|  0%| F|  |TAMS 0x00000000e4700000, 0x00000000e4700000| Untracked 
|  72|0x00000000e4800000, 0x00000000e4800000, 0x00000000e4900000|  0%| F|  |TAMS 0x00000000e4800000, 0x00000000e4800000| Untracked 
|  73|0x00000000e4900000, 0x00000000e4900000, 0x00000000e4a00000|  0%| F|  |TAMS 0x00000000e4900000, 0x00000000e4900000| Untracked 
|  74|0x00000000e4a00000, 0x00000000e4a00000, 0x00000000e4b00000|  0%| F|  |TAMS 0x00000000e4a00000, 0x00000000e4a00000| Untracked 
|  75|0x00000000e4b00000, 0x00000000e4b00000, 0x00000000e4c00000|  0%| F|  |TAMS 0x00000000e4b00000, 0x00000000e4b00000| Untracked 
|  76|0x00000000e4c00000, 0x00000000e4c00000, 0x00000000e4d00000|  0%| F|  |TAMS 0x00000000e4c00000, 0x00000000e4c00000| Untracked 
|  77|0x00000000e4d00000, 0x00000000e4d00000, 0x00000000e4e00000|  0%| F|  |TAMS 0x00000000e4d00000, 0x00000000e4d00000| Untracked 
|  78|0x00000000e4e00000, 0x00000000e4e00000, 0x00000000e4f00000|  0%| F|  |TAMS 0x00000000e4e00000, 0x00000000e4e00000| Untracked 
|  79|0x00000000e4f00000, 0x00000000e4f00000, 0x00000000e5000000|  0%| F|  |TAMS 0x00000000e4f00000, 0x00000000e4f00000| Untracked 
|  80|0x00000000e5000000, 0x00000000e5000000, 0x00000000e5100000|  0%| F|  |TAMS 0x00000000e5000000, 0x00000000e5000000| Untracked 
|  81|0x00000000e5100000, 0x00000000e5100000, 0x00000000e5200000|  0%| F|  |TAMS 0x00000000e5100000, 0x00000000e5100000| Untracked 
|  82|0x00000000e5200000, 0x00000000e5200000, 0x00000000e5300000|  0%| F|  |TAMS 0x00000000e5200000, 0x00000000e5200000| Untracked 
|  83|0x00000000e5300000, 0x00000000e5300000, 0x00000000e5400000|  0%| F|  |TAMS 0x00000000e5300000, 0x00000000e5300000| Untracked 
|  84|0x00000000e5400000, 0x00000000e5400000, 0x00000000e5500000|  0%| F|  |TAMS 0x00000000e5400000, 0x00000000e5400000| Untracked 
|  85|0x00000000e5500000, 0x00000000e5500000, 0x00000000e5600000|  0%| F|  |TAMS 0x00000000e5500000, 0x00000000e5500000| Untracked 
|  86|0x00000000e5600000, 0x00000000e5600000, 0x00000000e5700000|  0%| F|  |TAMS 0x00000000e5600000, 0x00000000e5600000| Untracked 
|  87|0x00000000e5700000, 0x00000000e5700000, 0x00000000e5800000|  0%| F|  |TAMS 0x00000000e5700000, 0x00000000e5700000| Untracked 
|  88|0x00000000e5800000, 0x00000000e5800000, 0x00000000e5900000|  0%| F|  |TAMS 0x00000000e5800000, 0x00000000e5800000| Untracked 
|  89|0x00000000e5900000, 0x00000000e5900000, 0x00000000e5a00000|  0%| F|  |TAMS 0x00000000e5900000, 0x00000000e5900000| Untracked 
|  90|0x00000000e5a00000, 0x00000000e5a00000, 0x00000000e5b00000|  0%| F|  |TAMS 0x00000000e5a00000, 0x00000000e5a00000| Untracked 
|  91|0x00000000e5b00000, 0x00000000e5b00000, 0x00000000e5c00000|  0%| F|  |TAMS 0x00000000e5b00000, 0x00000000e5b00000| Untracked 
|  92|0x00000000e5c00000, 0x00000000e5c00000, 0x00000000e5d00000|  0%| F|  |TAMS 0x00000000e5c00000, 0x00000000e5c00000| Untracked 
|  93|0x00000000e5d00000, 0x00000000e5d00000, 0x00000000e5e00000|  0%| F|  |TAMS 0x00000000e5d00000, 0x00000000e5d00000| Untracked 
|  94|0x00000000e5e00000, 0x00000000e5e00000, 0x00000000e5f00000|  0%| F|  |TAMS 0x00000000e5e00000, 0x00000000e5e00000| Untracked 
|  95|0x00000000e5f00000, 0x00000000e5f00000, 0x00000000e6000000|  0%| F|  |TAMS 0x00000000e5f00000, 0x00000000e5f00000| Untracked 
|  96|0x00000000e6000000, 0x00000000e6000000, 0x00000000e6100000|  0%| F|  |TAMS 0x00000000e6000000, 0x00000000e6000000| Untracked 
|  97|0x00000000e6100000, 0x00000000e6100000, 0x00000000e6200000|  0%| F|  |TAMS 0x00000000e6100000, 0x00000000e6100000| Untracked 
|  98|0x00000000e6200000, 0x00000000e6200000, 0x00000000e6300000|  0%| F|  |TAMS 0x00000000e6200000, 0x00000000e6200000| Untracked 
|  99|0x00000000e6300000, 0x00000000e6300000, 0x00000000e6400000|  0%| F|  |TAMS 0x00000000e6300000, 0x00000000e6300000| Untracked 
| 100|0x00000000e6400000, 0x00000000e6400000, 0x00000000e6500000|  0%| F|  |TAMS 0x00000000e6400000, 0x00000000e6400000| Untracked 
| 101|0x00000000e6500000, 0x00000000e6500000, 0x00000000e6600000|  0%| F|  |TAMS 0x00000000e6500000, 0x00000000e6500000| Untracked 
| 102|0x00000000e6600000, 0x00000000e6600000, 0x00000000e6700000|  0%| F|  |TAMS 0x00000000e6600000, 0x00000000e6600000| Untracked 
| 103|0x00000000e6700000, 0x00000000e6700000, 0x00000000e6800000|  0%| F|  |TAMS 0x00000000e6700000, 0x00000000e6700000| Untracked 
| 104|0x00000000e6800000, 0x00000000e6800000, 0x00000000e6900000|  0%| F|  |TAMS 0x00000000e6800000, 0x00000000e6800000| Untracked 
| 105|0x00000000e6900000, 0x00000000e6900000, 0x00000000e6a00000|  0%| F|  |TAMS 0x00000000e6900000, 0x00000000e6900000| Untracked 
| 106|0x00000000e6a00000, 0x00000000e6a00000, 0x00000000e6b00000|  0%| F|  |TAMS 0x00000000e6a00000, 0x00000000e6a00000| Untracked 
| 107|0x00000000e6b00000, 0x00000000e6b00000, 0x00000000e6c00000|  0%| F|  |TAMS 0x00000000e6b00000, 0x00000000e6b00000| Untracked 
| 108|0x00000000e6c00000, 0x00000000e6c00000, 0x00000000e6d00000|  0%| F|  |TAMS 0x00000000e6c00000, 0x00000000e6c00000| Untracked 
| 109|0x00000000e6d00000, 0x00000000e6d00000, 0x00000000e6e00000|  0%| F|  |TAMS 0x00000000e6d00000, 0x00000000e6d00000| Untracked 
| 110|0x00000000e6e00000, 0x00000000e6e00000, 0x00000000e6f00000|  0%| F|  |TAMS 0x00000000e6e00000, 0x00000000e6e00000| Untracked 
| 111|0x00000000e6f00000, 0x00000000e6f00000, 0x00000000e7000000|  0%| F|  |TAMS 0x00000000e6f00000, 0x00000000e6f00000| Untracked 
| 112|0x00000000e7000000, 0x00000000e7000000, 0x00000000e7100000|  0%| F|  |TAMS 0x00000000e7000000, 0x00000000e7000000| Untracked 
| 113|0x00000000e7100000, 0x00000000e7100000, 0x00000000e7200000|  0%| F|  |TAMS 0x00000000e7100000, 0x00000000e7100000| Untracked 
| 114|0x00000000e7200000, 0x00000000e7200000, 0x00000000e7300000|  0%| F|  |TAMS 0x00000000e7200000, 0x00000000e7200000| Untracked 
| 115|0x00000000e7300000, 0x00000000e7300000, 0x00000000e7400000|  0%| F|  |TAMS 0x00000000e7300000, 0x00000000e7300000| Untracked 
| 116|0x00000000e7400000, 0x00000000e7400000, 0x00000000e7500000|  0%| F|  |TAMS 0x00000000e7400000, 0x00000000e7400000| Untracked 
| 117|0x00000000e7500000, 0x00000000e7500000, 0x00000000e7600000|  0%| F|  |TAMS 0x00000000e7500000, 0x00000000e7500000| Untracked 
| 118|0x00000000e7600000, 0x00000000e7600000, 0x00000000e7700000|  0%| F|  |TAMS 0x00000000e7600000, 0x00000000e7600000| Untracked 
| 119|0x00000000e7700000, 0x00000000e7700000, 0x00000000e7800000|  0%| F|  |TAMS 0x00000000e7700000, 0x00000000e7700000| Untracked 
| 120|0x00000000e7800000, 0x00000000e7800000, 0x00000000e7900000|  0%| F|  |TAMS 0x00000000e7800000, 0x00000000e7800000| Untracked 
| 121|0x00000000e7900000, 0x00000000e7900000, 0x00000000e7a00000|  0%| F|  |TAMS 0x00000000e7900000, 0x00000000e7900000| Untracked 
| 122|0x00000000e7a00000, 0x00000000e7a00000, 0x00000000e7b00000|  0%| F|  |TAMS 0x00000000e7a00000, 0x00000000e7a00000| Untracked 
| 123|0x00000000e7b00000, 0x00000000e7b00000, 0x00000000e7c00000|  0%| F|  |TAMS 0x00000000e7b00000, 0x00000000e7b00000| Untracked 
| 124|0x00000000e7c00000, 0x00000000e7c00000, 0x00000000e7d00000|  0%| F|  |TAMS 0x00000000e7c00000, 0x00000000e7c00000| Untracked 
| 125|0x00000000e7d00000, 0x00000000e7d00000, 0x00000000e7e00000|  0%| F|  |TAMS 0x00000000e7d00000, 0x00000000e7d00000| Untracked 
| 126|0x00000000e7e00000, 0x00000000e7e00000, 0x00000000e7f00000|  0%| F|  |TAMS 0x00000000e7e00000, 0x00000000e7e00000| Untracked 
| 127|0x00000000e7f00000, 0x00000000e7f00000, 0x00000000e8000000|  0%| F|  |TAMS 0x00000000e7f00000, 0x00000000e7f00000| Untracked 
| 128|0x00000000e8000000, 0x00000000e8000000, 0x00000000e8100000|  0%| F|  |TAMS 0x00000000e8000000, 0x00000000e8000000| Untracked 
| 129|0x00000000e8100000, 0x00000000e8100000, 0x00000000e8200000|  0%| F|  |TAMS 0x00000000e8100000, 0x00000000e8100000| Untracked 
| 130|0x00000000e8200000, 0x00000000e8200000, 0x00000000e8300000|  0%| F|  |TAMS 0x00000000e8200000, 0x00000000e8200000| Untracked 
| 131|0x00000000e8300000, 0x00000000e8300000, 0x00000000e8400000|  0%| F|  |TAMS 0x00000000e8300000, 0x00000000e8300000| Untracked 
| 132|0x00000000e8400000, 0x00000000e8400000, 0x00000000e8500000|  0%| F|  |TAMS 0x00000000e8400000, 0x00000000e8400000| Untracked 
| 133|0x00000000e8500000, 0x00000000e8500000, 0x00000000e8600000|  0%| F|  |TAMS 0x00000000e8500000, 0x00000000e8500000| Untracked 
| 134|0x00000000e8600000, 0x00000000e8600000, 0x00000000e8700000|  0%| F|  |TAMS 0x00000000e8600000, 0x00000000e8600000| Untracked 
| 135|0x00000000e8700000, 0x00000000e8700000, 0x00000000e8800000|  0%| F|  |TAMS 0x00000000e8700000, 0x00000000e8700000| Untracked 
| 136|0x00000000e8800000, 0x00000000e8800000, 0x00000000e8900000|  0%| F|  |TAMS 0x00000000e8800000, 0x00000000e8800000| Untracked 
| 137|0x00000000e8900000, 0x00000000e8900000, 0x00000000e8a00000|  0%| F|  |TAMS 0x00000000e8900000, 0x00000000e8900000| Untracked 
| 138|0x00000000e8a00000, 0x00000000e8a00000, 0x00000000e8b00000|  0%| F|  |TAMS 0x00000000e8a00000, 0x00000000e8a00000| Untracked 
| 139|0x00000000e8b00000, 0x00000000e8b00000, 0x00000000e8c00000|  0%| F|  |TAMS 0x00000000e8b00000, 0x00000000e8b00000| Untracked 
| 140|0x00000000e8c00000, 0x00000000e8c00000, 0x00000000e8d00000|  0%| F|  |TAMS 0x00000000e8c00000, 0x00000000e8c00000| Untracked 
| 141|0x00000000e8d00000, 0x00000000e8d00000, 0x00000000e8e00000|  0%| F|  |TAMS 0x00000000e8d00000, 0x00000000e8d00000| Untracked 
| 142|0x00000000e8e00000, 0x00000000e8e00000, 0x00000000e8f00000|  0%| F|  |TAMS 0x00000000e8e00000, 0x00000000e8e00000| Untracked 
| 143|0x00000000e8f00000, 0x00000000e8f00000, 0x00000000e9000000|  0%| F|  |TAMS 0x00000000e8f00000, 0x00000000e8f00000| Untracked 
| 144|0x00000000e9000000, 0x00000000e9000000, 0x00000000e9100000|  0%| F|  |TAMS 0x00000000e9000000, 0x00000000e9000000| Untracked 
| 145|0x00000000e9100000, 0x00000000e9100000, 0x00000000e9200000|  0%| F|  |TAMS 0x00000000e9100000, 0x00000000e9100000| Untracked 
| 146|0x00000000e9200000, 0x00000000e9200000, 0x00000000e9300000|  0%| F|  |TAMS 0x00000000e9200000, 0x00000000e9200000| Untracked 
| 147|0x00000000e9300000, 0x00000000e9300000, 0x00000000e9400000|  0%| F|  |TAMS 0x00000000e9300000, 0x00000000e9300000| Untracked 
| 148|0x00000000e9400000, 0x00000000e94a0c00, 0x00000000e9500000| 62%| E|  |TAMS 0x00000000e9400000, 0x00000000e9400000| Complete 
| 149|0x00000000e9500000, 0x00000000e9600000, 0x00000000e9600000|100%| E|CS|TAMS 0x00000000e9500000, 0x00000000e9500000| Complete 
| 150|0x00000000e9600000, 0x00000000e9700000, 0x00000000e9700000|100%| E|CS|TAMS 0x00000000e9600000, 0x00000000e9600000| Complete 
| 151|0x00000000e9700000, 0x00000000e9800000, 0x00000000e9800000|100%| E|CS|TAMS 0x00000000e9700000, 0x00000000e9700000| Complete 
| 152|0x00000000e9800000, 0x00000000e9900000, 0x00000000e9900000|100%| E|CS|TAMS 0x00000000e9800000, 0x00000000e9800000| Complete 
| 153|0x00000000e9900000, 0x00000000e9a00000, 0x00000000e9a00000|100%| E|CS|TAMS 0x00000000e9900000, 0x00000000e9900000| Complete 
| 154|0x00000000e9a00000, 0x00000000e9b00000, 0x00000000e9b00000|100%| E|CS|TAMS 0x00000000e9a00000, 0x00000000e9a00000| Complete 
| 155|0x00000000e9b00000, 0x00000000e9c00000, 0x00000000e9c00000|100%| E|CS|TAMS 0x00000000e9b00000, 0x00000000e9b00000| Complete 
| 156|0x00000000e9c00000, 0x00000000e9d00000, 0x00000000e9d00000|100%| E|CS|TAMS 0x00000000e9c00000, 0x00000000e9c00000| Complete 
| 157|0x00000000e9d00000, 0x00000000e9e00000, 0x00000000e9e00000|100%| E|CS|TAMS 0x00000000e9d00000, 0x00000000e9d00000| Complete 
| 158|0x00000000e9e00000, 0x00000000e9f00000, 0x00000000e9f00000|100%| E|CS|TAMS 0x00000000e9e00000, 0x00000000e9e00000| Complete 
| 159|0x00000000e9f00000, 0x00000000ea000000, 0x00000000ea000000|100%| E|CS|TAMS 0x00000000e9f00000, 0x00000000e9f00000| Complete 
| 160|0x00000000ea000000, 0x00000000ea100000, 0x00000000ea100000|100%| E|CS|TAMS 0x00000000ea000000, 0x00000000ea000000| Complete 
| 161|0x00000000ea100000, 0x00000000ea200000, 0x00000000ea200000|100%| E|CS|TAMS 0x00000000ea100000, 0x00000000ea100000| Complete 
| 162|0x00000000ea200000, 0x00000000ea300000, 0x00000000ea300000|100%| E|CS|TAMS 0x00000000ea200000, 0x00000000ea200000| Complete 
| 163|0x00000000ea300000, 0x00000000ea400000, 0x00000000ea400000|100%| E|CS|TAMS 0x00000000ea300000, 0x00000000ea300000| Complete 
| 164|0x00000000ea400000, 0x00000000ea500000, 0x00000000ea500000|100%| E|CS|TAMS 0x00000000ea400000, 0x00000000ea400000| Complete 
| 165|0x00000000ea500000, 0x00000000ea600000, 0x00000000ea600000|100%| E|CS|TAMS 0x00000000ea500000, 0x00000000ea500000| Complete 
| 166|0x00000000ea600000, 0x00000000ea700000, 0x00000000ea700000|100%| E|CS|TAMS 0x00000000ea600000, 0x00000000ea600000| Complete 
| 167|0x00000000ea700000, 0x00000000ea800000, 0x00000000ea800000|100%| E|CS|TAMS 0x00000000ea700000, 0x00000000ea700000| Complete 
| 168|0x00000000ea800000, 0x00000000ea900000, 0x00000000ea900000|100%| E|CS|TAMS 0x00000000ea800000, 0x00000000ea800000| Complete 
| 169|0x00000000ea900000, 0x00000000eaa00000, 0x00000000eaa00000|100%| E|CS|TAMS 0x00000000ea900000, 0x00000000ea900000| Complete 
| 170|0x00000000eaa00000, 0x00000000eab00000, 0x00000000eab00000|100%| E|CS|TAMS 0x00000000eaa00000, 0x00000000eaa00000| Complete 
| 171|0x00000000eab00000, 0x00000000eac00000, 0x00000000eac00000|100%| E|CS|TAMS 0x00000000eab00000, 0x00000000eab00000| Complete 
| 172|0x00000000eac00000, 0x00000000ead00000, 0x00000000ead00000|100%| E|CS|TAMS 0x00000000eac00000, 0x00000000eac00000| Complete 
| 173|0x00000000ead00000, 0x00000000eae00000, 0x00000000eae00000|100%| E|CS|TAMS 0x00000000ead00000, 0x00000000ead00000| Complete 
| 174|0x00000000eae00000, 0x00000000eaf00000, 0x00000000eaf00000|100%| E|CS|TAMS 0x00000000eae00000, 0x00000000eae00000| Complete 
| 175|0x00000000eaf00000, 0x00000000eb000000, 0x00000000eb000000|100%| E|CS|TAMS 0x00000000eaf00000, 0x00000000eaf00000| Complete 
| 176|0x00000000eb000000, 0x00000000eb100000, 0x00000000eb100000|100%| E|CS|TAMS 0x00000000eb000000, 0x00000000eb000000| Complete 
| 177|0x00000000eb100000, 0x00000000eb200000, 0x00000000eb200000|100%| E|CS|TAMS 0x00000000eb100000, 0x00000000eb100000| Complete 
| 178|0x00000000eb200000, 0x00000000eb300000, 0x00000000eb300000|100%| E|CS|TAMS 0x00000000eb200000, 0x00000000eb200000| Complete 
| 179|0x00000000eb300000, 0x00000000eb380000, 0x00000000eb400000| 50%| S|CS|TAMS 0x00000000eb300000, 0x00000000eb300000| Complete 
| 180|0x00000000eb400000, 0x00000000eb500000, 0x00000000eb500000|100%| S|CS|TAMS 0x00000000eb400000, 0x00000000eb400000| Complete 
| 181|0x00000000eb500000, 0x00000000eb600000, 0x00000000eb600000|100%| S|CS|TAMS 0x00000000eb500000, 0x00000000eb500000| Complete 
| 182|0x00000000eb600000, 0x00000000eb700000, 0x00000000eb700000|100%| S|CS|TAMS 0x00000000eb600000, 0x00000000eb600000| Complete 
| 183|0x00000000eb700000, 0x00000000eb800000, 0x00000000eb800000|100%| S|CS|TAMS 0x00000000eb700000, 0x00000000eb700000| Complete 
| 184|0x00000000eb800000, 0x00000000eb900000, 0x00000000eb900000|100%| E|CS|TAMS 0x00000000eb800000, 0x00000000eb800000| Complete 
| 185|0x00000000eb900000, 0x00000000eba00000, 0x00000000eba00000|100%| E|CS|TAMS 0x00000000eb900000, 0x00000000eb900000| Complete 
| 186|0x00000000eba00000, 0x00000000ebb00000, 0x00000000ebb00000|100%| E|CS|TAMS 0x00000000eba00000, 0x00000000eba00000| Complete 
| 187|0x00000000ebb00000, 0x00000000ebc00000, 0x00000000ebc00000|100%| E|CS|TAMS 0x00000000ebb00000, 0x00000000ebb00000| Complete 
| 188|0x00000000ebc00000, 0x00000000ebd00000, 0x00000000ebd00000|100%| E|CS|TAMS 0x00000000ebc00000, 0x00000000ebc00000| Complete 
| 189|0x00000000ebd00000, 0x00000000ebe00000, 0x00000000ebe00000|100%| E|CS|TAMS 0x00000000ebd00000, 0x00000000ebd00000| Complete 
| 190|0x00000000ebe00000, 0x00000000ebf00000, 0x00000000ebf00000|100%| E|CS|TAMS 0x00000000ebe00000, 0x00000000ebe00000| Complete 
| 191|0x00000000ebf00000, 0x00000000ec000000, 0x00000000ec000000|100%| E|CS|TAMS 0x00000000ebf00000, 0x00000000ebf00000| Complete 
| 192|0x00000000ec000000, 0x00000000ec100000, 0x00000000ec100000|100%| E|CS|TAMS 0x00000000ec000000, 0x00000000ec000000| Complete 
| 193|0x00000000ec100000, 0x00000000ec200000, 0x00000000ec200000|100%| E|CS|TAMS 0x00000000ec100000, 0x00000000ec100000| Complete 
| 194|0x00000000ec200000, 0x00000000ec300000, 0x00000000ec300000|100%| E|CS|TAMS 0x00000000ec200000, 0x00000000ec200000| Complete 
| 195|0x00000000ec300000, 0x00000000ec400000, 0x00000000ec400000|100%| E|CS|TAMS 0x00000000ec300000, 0x00000000ec300000| Complete 
| 196|0x00000000ec400000, 0x00000000ec500000, 0x00000000ec500000|100%| E|CS|TAMS 0x00000000ec400000, 0x00000000ec400000| Complete 
| 197|0x00000000ec500000, 0x00000000ec600000, 0x00000000ec600000|100%| E|CS|TAMS 0x00000000ec500000, 0x00000000ec500000| Complete 
| 198|0x00000000ec600000, 0x00000000ec700000, 0x00000000ec700000|100%| E|CS|TAMS 0x00000000ec600000, 0x00000000ec600000| Complete 
| 199|0x00000000ec700000, 0x00000000ec800000, 0x00000000ec800000|100%| E|CS|TAMS 0x00000000ec700000, 0x00000000ec700000| Complete 
| 200|0x00000000ec800000, 0x00000000ec900000, 0x00000000ec900000|100%| E|CS|TAMS 0x00000000ec800000, 0x00000000ec800000| Complete 
| 201|0x00000000ec900000, 0x00000000eca00000, 0x00000000eca00000|100%| E|CS|TAMS 0x00000000ec900000, 0x00000000ec900000| Complete 
| 202|0x00000000eca00000, 0x00000000ecb00000, 0x00000000ecb00000|100%| E|CS|TAMS 0x00000000eca00000, 0x00000000eca00000| Complete 
| 203|0x00000000ecb00000, 0x00000000ecc00000, 0x00000000ecc00000|100%| E|CS|TAMS 0x00000000ecb00000, 0x00000000ecb00000| Complete 
| 204|0x00000000ecc00000, 0x00000000ecd00000, 0x00000000ecd00000|100%| E|CS|TAMS 0x00000000ecc00000, 0x00000000ecc00000| Complete 
| 205|0x00000000ecd00000, 0x00000000ece00000, 0x00000000ece00000|100%| E|CS|TAMS 0x00000000ecd00000, 0x00000000ecd00000| Complete 
| 206|0x00000000ece00000, 0x00000000ecf00000, 0x00000000ecf00000|100%| E|CS|TAMS 0x00000000ece00000, 0x00000000ece00000| Complete 
| 207|0x00000000ecf00000, 0x00000000ed000000, 0x00000000ed000000|100%| E|CS|TAMS 0x00000000ecf00000, 0x00000000ecf00000| Complete 
| 208|0x00000000ed000000, 0x00000000ed100000, 0x00000000ed100000|100%| E|CS|TAMS 0x00000000ed000000, 0x00000000ed000000| Complete 
| 209|0x00000000ed100000, 0x00000000ed200000, 0x00000000ed200000|100%| E|CS|TAMS 0x00000000ed100000, 0x00000000ed100000| Complete 
| 210|0x00000000ed200000, 0x00000000ed300000, 0x00000000ed300000|100%| E|CS|TAMS 0x00000000ed200000, 0x00000000ed200000| Complete 
| 211|0x00000000ed300000, 0x00000000ed400000, 0x00000000ed400000|100%| E|CS|TAMS 0x00000000ed300000, 0x00000000ed300000| Complete 
| 212|0x00000000ed400000, 0x00000000ed500000, 0x00000000ed500000|100%| E|CS|TAMS 0x00000000ed400000, 0x00000000ed400000| Complete 
| 213|0x00000000ed500000, 0x00000000ed600000, 0x00000000ed600000|100%| E|CS|TAMS 0x00000000ed500000, 0x00000000ed500000| Complete 
| 214|0x00000000ed600000, 0x00000000ed700000, 0x00000000ed700000|100%| E|CS|TAMS 0x00000000ed600000, 0x00000000ed600000| Complete 
| 215|0x00000000ed700000, 0x00000000ed800000, 0x00000000ed800000|100%| E|CS|TAMS 0x00000000ed700000, 0x00000000ed700000| Complete 
| 216|0x00000000ed800000, 0x00000000ed900000, 0x00000000ed900000|100%| E|CS|TAMS 0x00000000ed800000, 0x00000000ed800000| Complete 
| 217|0x00000000ed900000, 0x00000000eda00000, 0x00000000eda00000|100%| E|CS|TAMS 0x00000000ed900000, 0x00000000ed900000| Complete 
| 218|0x00000000eda00000, 0x00000000edb00000, 0x00000000edb00000|100%| E|CS|TAMS 0x00000000eda00000, 0x00000000eda00000| Complete 
| 219|0x00000000edb00000, 0x00000000edc00000, 0x00000000edc00000|100%| E|CS|TAMS 0x00000000edb00000, 0x00000000edb00000| Complete 
| 220|0x00000000edc00000, 0x00000000edd00000, 0x00000000edd00000|100%| E|CS|TAMS 0x00000000edc00000, 0x00000000edc00000| Complete 
| 221|0x00000000edd00000, 0x00000000ede00000, 0x00000000ede00000|100%| E|CS|TAMS 0x00000000edd00000, 0x00000000edd00000| Complete 
| 222|0x00000000ede00000, 0x00000000edf00000, 0x00000000edf00000|100%| E|CS|TAMS 0x00000000ede00000, 0x00000000ede00000| Complete 
| 223|0x00000000edf00000, 0x00000000ee000000, 0x00000000ee000000|100%| E|CS|TAMS 0x00000000edf00000, 0x00000000edf00000| Complete 
| 224|0x00000000ee000000, 0x00000000ee100000, 0x00000000ee100000|100%| E|CS|TAMS 0x00000000ee000000, 0x00000000ee000000| Complete 
| 225|0x00000000ee100000, 0x00000000ee200000, 0x00000000ee200000|100%| E|CS|TAMS 0x00000000ee100000, 0x00000000ee100000| Complete 
| 226|0x00000000ee200000, 0x00000000ee300000, 0x00000000ee300000|100%| E|CS|TAMS 0x00000000ee200000, 0x00000000ee200000| Complete 
| 227|0x00000000ee300000, 0x00000000ee400000, 0x00000000ee400000|100%| E|CS|TAMS 0x00000000ee300000, 0x00000000ee300000| Complete 
| 228|0x00000000ee400000, 0x00000000ee500000, 0x00000000ee500000|100%| E|CS|TAMS 0x00000000ee400000, 0x00000000ee400000| Complete 
| 229|0x00000000ee500000, 0x00000000ee600000, 0x00000000ee600000|100%| E|CS|TAMS 0x00000000ee500000, 0x00000000ee500000| Complete 
| 230|0x00000000ee600000, 0x00000000ee700000, 0x00000000ee700000|100%| E|CS|TAMS 0x00000000ee600000, 0x00000000ee600000| Complete 
| 231|0x00000000ee700000, 0x00000000ee800000, 0x00000000ee800000|100%| E|CS|TAMS 0x00000000ee700000, 0x00000000ee700000| Complete 
| 232|0x00000000ee800000, 0x00000000ee900000, 0x00000000ee900000|100%| E|CS|TAMS 0x00000000ee800000, 0x00000000ee800000| Complete 
| 233|0x00000000ee900000, 0x00000000eea00000, 0x00000000eea00000|100%| E|CS|TAMS 0x00000000ee900000, 0x00000000ee900000| Complete 
| 234|0x00000000eea00000, 0x00000000eeb00000, 0x00000000eeb00000|100%| E|CS|TAMS 0x00000000eea00000, 0x00000000eea00000| Complete 
| 235|0x00000000eeb00000, 0x00000000eec00000, 0x00000000eec00000|100%| E|CS|TAMS 0x00000000eeb00000, 0x00000000eeb00000| Complete 
| 236|0x00000000eec00000, 0x00000000eed00000, 0x00000000eed00000|100%| E|CS|TAMS 0x00000000eec00000, 0x00000000eec00000| Complete 
| 237|0x00000000eed00000, 0x00000000eee00000, 0x00000000eee00000|100%| E|CS|TAMS 0x00000000eed00000, 0x00000000eed00000| Complete 
| 238|0x00000000eee00000, 0x00000000eef00000, 0x00000000eef00000|100%| E|CS|TAMS 0x00000000eee00000, 0x00000000eee00000| Complete 
| 239|0x00000000eef00000, 0x00000000ef000000, 0x00000000ef000000|100%| E|CS|TAMS 0x00000000eef00000, 0x00000000eef00000| Complete 
| 240|0x00000000ef000000, 0x00000000ef100000, 0x00000000ef100000|100%| E|CS|TAMS 0x00000000ef000000, 0x00000000ef000000| Complete 
| 241|0x00000000ef100000, 0x00000000ef200000, 0x00000000ef200000|100%| E|CS|TAMS 0x00000000ef100000, 0x00000000ef100000| Complete 
| 242|0x00000000ef200000, 0x00000000ef300000, 0x00000000ef300000|100%| E|CS|TAMS 0x00000000ef200000, 0x00000000ef200000| Complete 
| 243|0x00000000ef300000, 0x00000000ef400000, 0x00000000ef400000|100%| E|CS|TAMS 0x00000000ef300000, 0x00000000ef300000| Complete 
| 244|0x00000000ef400000, 0x00000000ef500000, 0x00000000ef500000|100%| E|CS|TAMS 0x00000000ef400000, 0x00000000ef400000| Complete 
| 245|0x00000000ef500000, 0x00000000ef600000, 0x00000000ef600000|100%| E|CS|TAMS 0x00000000ef500000, 0x00000000ef500000| Complete 
| 246|0x00000000ef600000, 0x00000000ef700000, 0x00000000ef700000|100%| E|CS|TAMS 0x00000000ef600000, 0x00000000ef600000| Complete 
| 247|0x00000000ef700000, 0x00000000ef800000, 0x00000000ef800000|100%| E|  |TAMS 0x00000000ef700000, 0x00000000ef700000| Complete 
| 248|0x00000000ef800000, 0x00000000ef900000, 0x00000000ef900000|100%| E|CS|TAMS 0x00000000ef800000, 0x00000000ef800000| Complete 
| 249|0x00000000ef900000, 0x00000000efa00000, 0x00000000efa00000|100%| E|CS|TAMS 0x00000000ef900000, 0x00000000ef900000| Complete 
| 250|0x00000000efa00000, 0x00000000efb00000, 0x00000000efb00000|100%| E|CS|TAMS 0x00000000efa00000, 0x00000000efa00000| Complete 
| 251|0x00000000efb00000, 0x00000000efc00000, 0x00000000efc00000|100%| E|CS|TAMS 0x00000000efb00000, 0x00000000efb00000| Complete 
| 252|0x00000000efc00000, 0x00000000efd00000, 0x00000000efd00000|100%| E|CS|TAMS 0x00000000efc00000, 0x00000000efc00000| Complete 
| 253|0x00000000efd00000, 0x00000000efe00000, 0x00000000efe00000|100%| E|CS|TAMS 0x00000000efd00000, 0x00000000efd00000| Complete 
| 254|0x00000000efe00000, 0x00000000eff00000, 0x00000000eff00000|100%| E|CS|TAMS 0x00000000efe00000, 0x00000000efe00000| Complete 
| 255|0x00000000eff00000, 0x00000000f0000000, 0x00000000f0000000|100%| E|CS|TAMS 0x00000000eff00000, 0x00000000eff00000| Complete 

Card table byte_map: [0x00000223a2cb0000,0x00000223a2db0000] _byte_map_base: 0x00000223a25b0000

Marking Bits (Prev, Next): (CMBitMap*) 0x00000223896baeb0, (CMBitMap*) 0x00000223896bae78
 Prev Bits: [0x00000223a36b0000, 0x00000223a3eb0000)
 Next Bits: [0x00000223a2eb0000, 0x00000223a36b0000)

Polling page: 0x0000022389560000

Metaspace:

Usage:
  Non-class:     56.02 MB capacity,    55.00 MB ( 98%) used,   877.07 KB (  2%) free+waste,   169.19 KB ( <1%) overhead. 
      Class:      8.57 MB capacity,     7.85 MB ( 92%) used,   663.43 KB (  8%) free+waste,    80.25 KB ( <1%) overhead. 
       Both:     64.59 MB capacity,    62.84 MB ( 97%) used,     1.50 MB (  2%) free+waste,   249.44 KB ( <1%) overhead. 

Virtual space:
  Non-class space:       58.00 MB reserved,      56.12 MB ( 97%) committed 
      Class space:      248.00 MB reserved,       8.63 MB (  3%) committed 
             Both:      306.00 MB reserved,      64.75 MB ( 21%) committed 

Chunk freelists:
   Non-Class:  40.00 KB
       Class:  23.00 KB
        Both:  63.00 KB

MaxMetaspaceSize: 256.00 MB
CompressedClassSpaceSize: 248.00 MB
Initial GC threshold: 20.80 MB
Current GC threshold: 98.75 MB
CDS: off

CodeHeap 'non-profiled nmethods': size=120064Kb used=3938Kb max_used=3938Kb free=116125Kb
 bounds [0x000002239b040000, 0x000002239b420000, 0x00000223a2580000]
CodeHeap 'profiled nmethods': size=120000Kb used=14569Kb max_used=14569Kb free=105430Kb
 bounds [0x0000022393b10000, 0x0000022394950000, 0x000002239b040000]
CodeHeap 'non-nmethods': size=5696Kb used=2332Kb max_used=2380Kb free=3363Kb
 bounds [0x0000022393580000, 0x00000223937f0000, 0x0000022393b10000]
 total_blobs=7441 nmethods=6598 adapters=755
 compilation: enabled
              stopped_count=0, restarted_count=0
 full_count=0

Compilation events (20 events):
Event: 115.052 Thread 0x00000223a6502000 nmethod 6587 0x000002239b411e90 code [0x000002239b4124a0, 0x000002239b415f60]
Event: 115.335 Thread 0x00000223a6503000 6633       3       java.util.Collections::singleton (9 bytes)
Event: 115.335 Thread 0x00000223a6503000 nmethod 6633 0x0000022394948710 code [0x00000223949488e0, 0x0000022394948bf8]
Event: 115.335 Thread 0x00000223a6503000 6634       3       java.util.Collections$SingletonSet::<init> (10 bytes)
Event: 115.336 Thread 0x00000223a6503000 nmethod 6634 0x0000022394948d10 code [0x0000022394948ee0, 0x0000022394949158]
Event: 116.224 Thread 0x00000223a6502000 6635       4       java.util.concurrent.locks.ReentrantLock$Sync::isHeldExclusively (16 bytes)
Event: 116.225 Thread 0x00000223a6502000 nmethod 6635 0x000002239b418110 code [0x000002239b4182a0, 0x000002239b418318]
Event: 117.333 Thread 0x00000223a6503000 6636       3       java.util.stream.FindOps$FindSink::accept (18 bytes)
Event: 117.333 Thread 0x00000223a6503000 nmethod 6636 0x0000022394949290 code [0x0000022394949440, 0x00000223949495d8]
Event: 122.335 Thread 0x00000223a6503000 6637       1       java.util.concurrent.ThreadPoolExecutor::getQueue (5 bytes)
Event: 122.336 Thread 0x00000223a6503000 nmethod 6637 0x000002239b418410 code [0x000002239b4185c0, 0x000002239b418678]
Event: 123.032 Thread 0x00000223a6503000 6638       3       java.util.concurrent.LinkedBlockingDeque$AbstractItr::hasNext (13 bytes)
Event: 123.033 Thread 0x00000223a6503000 nmethod 6638 0x0000022394949690 code [0x0000022394949840, 0x0000022394949998]
Event: 123.339 Thread 0x00000223a6503000 6639       3       java.util.concurrent.ScheduledThreadPoolExecutor$DelayedWorkQueue::setIndex (16 bytes)
Event: 123.339 Thread 0x00000223a6502000 6640       4       java.util.Collections$UnmodifiableCollection::contains (11 bytes)
Event: 123.339 Thread 0x00000223a6503000 nmethod 6639 0x0000022394949a10 code [0x0000022394949bc0, 0x0000022394949eb8]
Event: 123.340 Thread 0x00000223a6502000 nmethod 6640 0x000002239b418710 code [0x000002239b4188a0, 0x000002239b418938]
Event: 126.220 Thread 0x00000223a6503000 6641       3       org.gradle.internal.dispatch.ReflectionDispatch::dispatch (9 bytes)
Event: 126.220 Thread 0x00000223a6503000 nmethod 6641 0x0000022394949f90 code [0x000002239494a160, 0x000002239494a388]
Event: 126.220 Thread 0x00000223a6503000 6642   !   3       org.gradle.internal.dispatch.ReflectionDispatch::dispatch (42 bytes)

GC Heap History (18 events):
Event: 3.601 GC heap before
{Heap before GC invocations=0 (full 0):
 garbage-first heap   total 262144K, used 19456K [0x00000000e0000000, 0x0000000100000000)
  region size 1024K, 14 young (14336K), 0 survivors (0K)
 Metaspace       used 6751K, capacity 6937K, committed 7168K, reserved 262144K
  class space    used 572K, capacity 650K, committed 768K, reserved 253952K
}
Event: 3.873 GC heap after
{Heap after GC invocations=1 (full 0):
 garbage-first heap   total 262144K, used 8198K [0x00000000e0000000, 0x0000000100000000)
  region size 1024K, 2 young (2048K), 2 survivors (2048K)
 Metaspace       used 6751K, capacity 6937K, committed 7168K, reserved 262144K
  class space    used 572K, capacity 650K, committed 768K, reserved 253952K
}
Event: 5.455 GC heap before
{Heap before GC invocations=1 (full 0):
 garbage-first heap   total 262144K, used 20486K [0x00000000e0000000, 0x0000000100000000)
  region size 1024K, 14 young (14336K), 2 survivors (2048K)
 Metaspace       used 9914K, capacity 10130K, committed 10368K, reserved 264192K
  class space    used 1011K, capacity 1102K, committed 1152K, reserved 253952K
}
Event: 5.461 GC heap after
{Heap after GC invocations=2 (full 0):
 garbage-first heap   total 262144K, used 9434K [0x00000000e0000000, 0x0000000100000000)
  region size 1024K, 2 young (2048K), 2 survivors (2048K)
 Metaspace       used 9914K, capacity 10130K, committed 10368K, reserved 264192K
  class space    used 1011K, capacity 1102K, committed 1152K, reserved 253952K
}
Event: 8.303 GC heap before
{Heap before GC invocations=2 (full 0):
 garbage-first heap   total 262144K, used 40154K [0x00000000e0000000, 0x0000000100000000)
  region size 1024K, 32 young (32768K), 2 survivors (2048K)
 Metaspace       used 10897K, capacity 11149K, committed 11264K, reserved 264192K
  class space    used 1112K, capacity 1207K, committed 1280K, reserved 253952K
}
Event: 8.308 GC heap after
{Heap after GC invocations=3 (full 0):
 garbage-first heap   total 262144K, used 11988K [0x00000000e0000000, 0x0000000100000000)
  region size 1024K, 4 young (4096K), 4 survivors (4096K)
 Metaspace       used 10897K, capacity 11149K, committed 11264K, reserved 264192K
  class space    used 1112K, capacity 1207K, committed 1280K, reserved 253952K
}
Event: 14.951 GC heap before
{Heap before GC invocations=3 (full 0):
 garbage-first heap   total 262144K, used 76500K [0x00000000e0000000, 0x0000000100000000)
  region size 1024K, 68 young (69632K), 4 survivors (4096K)
 Metaspace       used 20766K, capacity 21217K, committed 21296K, reserved 274432K
  class space    used 2495K, capacity 2676K, committed 2688K, reserved 253952K
}
Event: 14.969 GC heap after
{Heap after GC invocations=4 (full 0):
 garbage-first heap   total 262144K, used 17408K [0x00000000e0000000, 0x0000000100000000)
  region size 1024K, 9 young (9216K), 9 survivors (9216K)
 Metaspace       used 20766K, capacity 21217K, committed 21296K, reserved 274432K
  class space    used 2495K, capacity 2676K, committed 2688K, reserved 253952K
}
Event: 20.137 GC heap before
{Heap before GC invocations=5 (full 0):
 garbage-first heap   total 262144K, used 93184K [0x00000000e0000000, 0x0000000100000000)
  region size 1024K, 83 young (84992K), 9 survivors (9216K)
 Metaspace       used 27922K, capacity 28475K, committed 28720K, reserved 280576K
  class space    used 3619K, capacity 3844K, committed 3968K, reserved 253952K
}
Event: 20.152 GC heap after
{Heap after GC invocations=6 (full 0):
 garbage-first heap   total 262144K, used 19904K [0x00000000e0000000, 0x0000000100000000)
  region size 1024K, 8 young (8192K), 8 survivors (8192K)
 Metaspace       used 27922K, capacity 28475K, committed 28720K, reserved 280576K
  class space    used 3619K, capacity 3844K, committed 3968K, reserved 253952K
}
Event: 22.246 GC heap before
{Heap before GC invocations=6 (full 0):
 garbage-first heap   total 262144K, used 54720K [0x00000000e0000000, 0x0000000100000000)
  region size 1024K, 43 young (44032K), 8 survivors (8192K)
 Metaspace       used 34863K, capacity 35670K, committed 35888K, reserved 286720K
  class space    used 4428K, capacity 4734K, committed 4736K, reserved 253952K
}
Event: 22.271 GC heap after
{Heap after GC invocations=7 (full 0):
 garbage-first heap   total 262144K, used 22970K [0x00000000e0000000, 0x0000000100000000)
  region size 1024K, 6 young (6144K), 6 survivors (6144K)
 Metaspace       used 34863K, capacity 35670K, committed 35888K, reserved 286720K
  class space    used 4428K, capacity 4734K, committed 4736K, reserved 253952K
}
Event: 92.682 GC heap before
{Heap before GC invocations=8 (full 0):
 garbage-first heap   total 262144K, used 115130K [0x00000000e0000000, 0x0000000100000000)
  region size 1024K, 94 young (96256K), 6 survivors (6144K)
 Metaspace       used 41480K, capacity 42461K, committed 42672K, reserved 292864K
  class space    used 5224K, capacity 5624K, committed 5632K, reserved 253952K
}
Event: 92.710 GC heap after
{Heap after GC invocations=9 (full 0):
 garbage-first heap   total 262144K, used 29585K [0x00000000e0000000, 0x0000000100000000)
  region size 1024K, 12 young (12288K), 12 survivors (12288K)
 Metaspace       used 41480K, capacity 42461K, committed 42672K, reserved 292864K
  class space    used 5224K, capacity 5624K, committed 5632K, reserved 253952K
}
Event: 100.441 GC heap before
{Heap before GC invocations=9 (full 0):
 garbage-first heap   total 262144K, used 148369K [0x00000000e0000000, 0x0000000100000000)
  region size 1024K, 125 young (128000K), 12 survivors (12288K)
 Metaspace       used 48074K, capacity 49393K, committed 49456K, reserved 296960K
  class space    used 6010K, capacity 6504K, committed 6528K, reserved 253952K
}
Event: 100.482 GC heap after
{Heap after GC invocations=10 (full 0):
 garbage-first heap   total 262144K, used 42195K [0x00000000e0000000, 0x0000000100000000)
  region size 1024K, 16 young (16384K), 16 survivors (16384K)
 Metaspace       used 48074K, capacity 49393K, committed 49456K, reserved 296960K
  class space    used 6010K, capacity 6504K, committed 6528K, reserved 253952K
}
Event: 106.905 GC heap before
{Heap before GC invocations=10 (full 0):
 garbage-first heap   total 262144K, used 114899K [0x00000000e0000000, 0x0000000100000000)
  region size 1024K, 88 young (90112K), 16 survivors (16384K)
 Metaspace       used 58332K, capacity 59910K, committed 60028K, reserved 307200K
  class space    used 7247K, capacity 7883K, committed 7936K, reserved 253952K
}
Event: 106.962 GC heap after
{Heap after GC invocations=11 (full 0):
 garbage-first heap   total 262144K, used 47008K [0x00000000e0000000, 0x0000000100000000)
  region size 1024K, 5 young (5120K), 5 survivors (5120K)
 Metaspace       used 58332K, capacity 59910K, committed 60028K, reserved 307200K
  class space    used 7247K, capacity 7883K, committed 7936K, reserved 253952K
}

Deoptimization events (20 events):
Event: 113.265 Thread 0x00000223a735c000 Uncommon trap: trap_request=0xffffff4d fr.pc=0x000002239b2b5cfc relative=0x00000000000006fc
Event: 113.265 Thread 0x00000223a735c000 Uncommon trap: reason=unstable_if action=reinterpret pc=0x000002239b2b5cfc method=java.util.HashMap.putVal(ILjava/lang/Object;Ljava/lang/Object;ZZ)Ljava/lang/Object; @ 109 c2
Event: 113.265 Thread 0x00000223a735c000 DEOPT PACKING pc=0x000002239b2b5cfc sp=0x0000006c833f7a60
Event: 113.265 Thread 0x00000223a735c000 DEOPT UNPACKING pc=0x00000223935ca1af sp=0x0000006c833f7990 mode 2
Event: 113.266 Thread 0x00000223a735c000 Uncommon trap: trap_request=0xffffff4d fr.pc=0x000002239b3e457c relative=0x00000000000002bc
Event: 113.266 Thread 0x00000223a735c000 Uncommon trap: reason=unstable_if action=reinterpret pc=0x000002239b3e457c method=java.util.HashMap.getNode(ILjava/lang/Object;)Ljava/util/HashMap$Node; @ 84 c2
Event: 113.266 Thread 0x00000223a735c000 DEOPT PACKING pc=0x000002239b3e457c sp=0x0000006c833f7a90
Event: 113.266 Thread 0x00000223a735c000 DEOPT UNPACKING pc=0x00000223935ca1af sp=0x0000006c833f79b0 mode 2
Event: 113.266 Thread 0x00000223a735c000 Uncommon trap: trap_request=0xffffff4d fr.pc=0x000002239b2a4b84 relative=0x0000000000000684
Event: 113.266 Thread 0x00000223a735c000 Uncommon trap: reason=unstable_if action=reinterpret pc=0x000002239b2a4b84 method=java.util.HashMap.putVal(ILjava/lang/Object;Ljava/lang/Object;ZZ)Ljava/lang/Object; @ 109 c2
Event: 113.266 Thread 0x00000223a735c000 DEOPT PACKING pc=0x000002239b2a4b84 sp=0x0000006c833f79d0
Event: 113.266 Thread 0x00000223a735c000 DEOPT UNPACKING pc=0x00000223935ca1af sp=0x0000006c833f7988 mode 2
Event: 113.266 Thread 0x00000223a735c000 Uncommon trap: trap_request=0xffffff4d fr.pc=0x000002239b0ad178 relative=0x00000000000009f8
Event: 113.266 Thread 0x00000223a735c000 Uncommon trap: reason=unstable_if action=reinterpret pc=0x000002239b0ad178 method=java.util.HashMap.resize()[Ljava/util/HashMap$Node; @ 203 c2
Event: 113.266 Thread 0x00000223a735c000 DEOPT PACKING pc=0x000002239b0ad178 sp=0x0000006c833f7910
Event: 113.266 Thread 0x00000223a735c000 DEOPT UNPACKING pc=0x00000223935ca1af sp=0x0000006c833f78c8 mode 2
Event: 113.266 Thread 0x00000223a735c000 Uncommon trap: trap_request=0xffffff4d fr.pc=0x000002239b286f68 relative=0x00000000000001a8
Event: 113.267 Thread 0x00000223a735c000 Uncommon trap: reason=unstable_if action=reinterpret pc=0x000002239b286f68 method=java.util.HashMap.getNode(ILjava/lang/Object;)Ljava/util/HashMap$Node; @ 84 c2
Event: 113.267 Thread 0x00000223a735c000 DEOPT PACKING pc=0x000002239b286f68 sp=0x0000006c833f7a30
Event: 113.267 Thread 0x00000223a735c000 DEOPT UNPACKING pc=0x00000223935ca1af sp=0x0000006c833f79b8 mode 2

Classes redefined (0 events):
No events

Internal exceptions (20 events):
Event: 113.142 Thread 0x00000223a735c000 Exception <a 'java/lang/ClassNotFoundException'{0x00000000ea1095e8}: org/gradle/api/internal/artifacts/dependencies/DefaultExternalModuleDependency_DecoratedCustomizer> (0x00000000ea1095e8) thrown at [./src/hotspot/share/classfile/systemDictionary.cpp, line 231]
Event: 113.607 Thread 0x00000223a735c000 Exception <a 'java/lang/NoSuchMethodError'{0x00000000e9e8f870}: 'java.lang.Object java.lang.invoke.Invokers$Holder.linkToTargetMethod(java.lang.Object, int, java.lang.Object)'> (0x00000000e9e8f870) thrown at [./src/hotspot/share/interpreter/linkResolver.cpp, line 773]
Event: 113.715 Thread 0x00000223a735c000 Exception <a 'java/lang/ClassNotFoundException'{0x00000000e9c64290}: org/gradle/api/tasks/Copy_DecoratedBeanInfo> (0x00000000e9c64290) thrown at [./src/hotspot/share/classfile/systemDictionary.cpp, line 231]
Event: 113.716 Thread 0x00000223a735c000 Exception <a 'java/lang/ClassNotFoundException'{0x00000000e9c8a5a0}: org/gradle/api/tasks/CopyBeanInfo> (0x00000000e9c8a5a0) thrown at [./src/hotspot/share/classfile/systemDictionary.cpp, line 231]
Event: 113.719 Thread 0x00000223a735c000 Exception <a 'java/lang/ClassNotFoundException'{0x00000000e9cb56e8}: org/gradle/api/tasks/AbstractCopyTaskBeanInfo> (0x00000000e9cb56e8) thrown at [./src/hotspot/share/classfile/systemDictionary.cpp, line 231]
Event: 113.722 Thread 0x00000223a735c000 Exception <a 'java/lang/ClassNotFoundException'{0x00000000e9ce1698}: org/gradle/api/internal/ConventionTaskBeanInfo> (0x00000000e9ce1698) thrown at [./src/hotspot/share/classfile/systemDictionary.cpp, line 231]
Event: 113.724 Thread 0x00000223a735c000 Exception <a 'java/lang/ClassNotFoundException'{0x00000000e9b09ce8}: org/gradle/api/DefaultTaskBeanInfo> (0x00000000e9b09ce8) thrown at [./src/hotspot/share/classfile/systemDictionary.cpp, line 231]
Event: 113.729 Thread 0x00000223a735c000 Exception <a 'java/lang/ClassNotFoundException'{0x00000000e9b35a00}: org/gradle/api/internal/AbstractTaskBeanInfo> (0x00000000e9b35a00) thrown at [./src/hotspot/share/classfile/systemDictionary.cpp, line 231]
Event: 113.732 Thread 0x00000223a735c000 Exception <a 'java/lang/ClassNotFoundException'{0x00000000e9b61c28}: org/gradle/api/internal/AbstractTaskCustomizer> (0x00000000e9b61c28) thrown at [./src/hotspot/share/classfile/systemDictionary.cpp, line 231]
Event: 113.738 Thread 0x00000223a735c000 Exception <a 'java/lang/ClassNotFoundException'{0x00000000e9bd3738}: org/gradle/api/DefaultTaskCustomizer> (0x00000000e9bd3738) thrown at [./src/hotspot/share/classfile/systemDictionary.cpp, line 231]
Event: 113.771 Thread 0x00000223a735c000 Exception <a 'java/lang/ClassNotFoundException'{0x00000000e9a53a90}: org/gradle/api/internal/ConventionTaskCustomizer> (0x00000000e9a53a90) thrown at [./src/hotspot/share/classfile/systemDictionary.cpp, line 231]
Event: 113.779 Thread 0x00000223a735c000 Exception <a 'java/lang/ClassNotFoundException'{0x00000000e9a8daa8}: org/gradle/api/tasks/AbstractCopyTaskCustomizer> (0x00000000e9a8daa8) thrown at [./src/hotspot/share/classfile/systemDictionary.cpp, line 231]
Event: 113.784 Thread 0x00000223a735c000 Exception <a 'java/lang/ClassNotFoundException'{0x00000000e9921e30}: org/gradle/api/tasks/CopyCustomizer> (0x00000000e9921e30) thrown at [./src/hotspot/share/classfile/systemDictionary.cpp, line 231]
Event: 113.788 Thread 0x00000223a735c000 Exception <a 'java/lang/ClassNotFoundException'{0x00000000e9960a48}: org/gradle/api/tasks/Copy_DecoratedCustomizer> (0x00000000e9960a48) thrown at [./src/hotspot/share/classfile/systemDictionary.cpp, line 231]
Event: 113.808 Thread 0x00000223a735c000 Exception <a 'java/lang/ClassNotFoundException'{0x00000000e96486f8}: org/gradle/api/internal/artifacts/configurations/DefaultConfigurationContainer_DecoratedBeanInfo> (0x00000000e96486f8) thrown at [./src/hotspot/share/classfile/systemDictionary.cpp, line 231]
Event: 113.811 Thread 0x00000223a735c000 Exception <a 'java/lang/ClassNotFoundException'{0x00000000e968e718}: org/gradle/api/internal/artifacts/configurations/DefaultConfigurationContainerBeanInfo> (0x00000000e968e718) thrown at [./src/hotspot/share/classfile/systemDictionary.cpp, line 231]
Event: 113.815 Thread 0x00000223a735c000 Exception <a 'java/lang/ClassNotFoundException'{0x00000000e96c3170}: org/gradle/api/internal/AbstractValidatingNamedDomainObjectContainerBeanInfo> (0x00000000e96c3170) thrown at [./src/hotspot/share/classfile/systemDictionary.cpp, line 231]
Event: 113.817 Thread 0x00000223a735c000 Exception <a 'java/lang/ClassNotFoundException'{0x00000000e96f7b98}: org/gradle/api/internal/AbstractValidatingNamedDomainObjectContainerCustomizer> (0x00000000e96f7b98) thrown at [./src/hotspot/share/classfile/systemDictionary.cpp, line 231]
Event: 113.822 Thread 0x00000223a735c000 Exception <a 'java/lang/ClassNotFoundException'{0x00000000e9548330}: org/gradle/api/internal/artifacts/configurations/DefaultConfigurationContainerCustomizer> (0x00000000e9548330) thrown at [./src/hotspot/share/classfile/systemDictionary.cpp, line 231]
Event: 113.828 Thread 0x00000223a735c000 Exception <a 'java/lang/ClassNotFoundException'{0x00000000e95a5910}: org/gradle/api/internal/artifacts/configurations/DefaultConfigurationContainer_DecoratedCustomizer> (0x00000000e95a5910) thrown at [./src/hotspot/share/classfile/systemDictionary.cpp, line 231]

Events (20 events):
Event: 113.817 loading class org/gradle/api/internal/AbstractValidatingNamedDomainObjectContainerCustomizer
Event: 113.817 loading class org/gradle/api/internal/AbstractValidatingNamedDomainObjectContainerCustomizer done
Event: 113.819 loading class org/gradle/api/internal/artifacts/configurations/DefaultConfigurationContainerCustomizer
Event: 113.819 loading class org/gradle/api/internal/artifacts/configurations/DefaultConfigurationContainerCustomizer done
Event: 113.820 loading class org/gradle/api/internal/artifacts/configurations/DefaultConfigurationContainerCustomizer
Event: 113.820 loading class org/gradle/api/internal/artifacts/configurations/DefaultConfigurationContainerCustomizer done
Event: 113.820 loading class org/gradle/api/internal/artifacts/configurations/DefaultConfigurationContainerCustomizer
Event: 113.820 loading class org/gradle/api/internal/artifacts/configurations/DefaultConfigurationContainerCustomizer done
Event: 113.822 loading class org/gradle/api/internal/artifacts/configurations/DefaultConfigurationContainerCustomizer
Event: 113.822 loading class org/gradle/api/internal/artifacts/configurations/DefaultConfigurationContainerCustomizer done
Event: 113.823 loading class org/gradle/api/internal/artifacts/configurations/DefaultConfigurationContainer_DecoratedCustomizer
Event: 113.823 loading class org/gradle/api/internal/artifacts/configurations/DefaultConfigurationContainer_DecoratedCustomizer done
Event: 113.824 loading class org/gradle/api/internal/artifacts/configurations/DefaultConfigurationContainer_DecoratedCustomizer
Event: 113.824 loading class org/gradle/api/internal/artifacts/configurations/DefaultConfigurationContainer_DecoratedCustomizer done
Event: 113.824 loading class org/gradle/api/internal/artifacts/configurations/DefaultConfigurationContainer_DecoratedCustomizer
Event: 113.824 loading class org/gradle/api/internal/artifacts/configurations/DefaultConfigurationContainer_DecoratedCustomizer done
Event: 113.827 loading class org/gradle/api/internal/artifacts/configurations/DefaultConfigurationContainer_DecoratedCustomizer
Event: 113.827 loading class org/gradle/api/internal/artifacts/configurations/DefaultConfigurationContainer_DecoratedCustomizer done
Event: 113.831 loading class org/gradle/api/internal/file/collections/DefaultConfigurableFileCollection$UnresolvedItemsCollector
Event: 113.831 loading class org/gradle/api/internal/file/collections/DefaultConfigurableFileCollection$UnresolvedItemsCollector done


Dynamic libraries:
0x00007ff775540000 - 0x00007ff77554d000 	C:\Program Files\OpenJDK\openjdk-11.0.13_8\bin\java.exe
0x00007ff939160000 - 0x00007ff939369000 	C:\Windows\SYSTEM32\ntdll.dll
0x00007ff937a10000 - 0x00007ff937acd000 	C:\Windows\System32\KERNEL32.DLL
0x00007ff9369d0000 - 0x00007ff936d44000 	C:\Windows\System32\KERNELBASE.dll
0x00007ff9366f0000 - 0x00007ff936801000 	C:\Windows\System32\ucrtbase.dll
0x00007ff903530000 - 0x00007ff903548000 	C:\Program Files\OpenJDK\openjdk-11.0.13_8\bin\jli.dll
0x00007ff903010000 - 0x00007ff903026000 	C:\Program Files\OpenJDK\openjdk-11.0.13_8\bin\VCRUNTIME140.dll
0x00007ff937480000 - 0x00007ff93762c000 	C:\Windows\System32\USER32.dll
0x00007ff9366c0000 - 0x00007ff9366e6000 	C:\Windows\System32\win32u.dll
0x00007ff938070000 - 0x00007ff938099000 	C:\Windows\System32\GDI32.dll
0x00007ff9368b0000 - 0x00007ff9369c2000 	C:\Windows\System32\gdi32full.dll
0x00007ff936810000 - 0x00007ff9368ad000 	C:\Windows\System32\msvcp_win.dll
0x00007ff923f10000 - 0x00007ff9241b5000 	C:\Windows\WinSxS\amd64_microsoft.windows.common-controls_6595b64144ccf1df_6.0.22000.120_none_9d947278b86cc467\COMCTL32.dll
0x00007ff938e10000 - 0x00007ff938eb3000 	C:\Windows\System32\msvcrt.dll
0x00007ff9390c0000 - 0x00007ff9390f1000 	C:\Windows\System32\IMM32.DLL
0x00007ff8f0ad0000 - 0x00007ff8f0b7a000 	C:\Program Files\OpenJDK\openjdk-11.0.13_8\bin\msvcp140.dll
0x00007ff8b5130000 - 0x00007ff8b5c7c000 	C:\Program Files\OpenJDK\openjdk-11.0.13_8\bin\server\jvm.dll
0x00007ff938d60000 - 0x00007ff938e0e000 	C:\Windows\System32\ADVAPI32.dll
0x00007ff937fd0000 - 0x00007ff93806e000 	C:\Windows\System32\sechost.dll
0x00007ff937eb0000 - 0x00007ff937fd0000 	C:\Windows\System32\RPCRT4.dll
0x00007ff937a00000 - 0x00007ff937a08000 	C:\Windows\System32\PSAPI.DLL
0x00007ff92b800000 - 0x00007ff92b833000 	C:\Windows\SYSTEM32\WINMM.dll
0x00007ff92ae50000 - 0x00007ff92ae5a000 	C:\Windows\SYSTEM32\VERSION.dll
0x00007ff9082a0000 - 0x00007ff9082a9000 	C:\Windows\SYSTEM32\WSOCK32.dll
0x00007ff938ce0000 - 0x00007ff938d4f000 	C:\Windows\System32\WS2_32.dll
0x00007ff935710000 - 0x00007ff935728000 	C:\Windows\SYSTEM32\kernel.appcore.dll
0x00007ff902ff0000 - 0x00007ff903001000 	C:\Program Files\OpenJDK\openjdk-11.0.13_8\bin\verify.dll
0x00007ff931100000 - 0x00007ff931321000 	C:\Windows\SYSTEM32\DBGHELP.DLL
0x00007ff920ab0000 - 0x00007ff920ae1000 	C:\Windows\SYSTEM32\dbgcore.DLL
0x00007ff936f80000 - 0x00007ff936fff000 	C:\Windows\System32\bcryptPrimitives.dll
0x00007ff902ab0000 - 0x00007ff902ad9000 	C:\Program Files\OpenJDK\openjdk-11.0.13_8\bin\java.dll
0x00007ff908130000 - 0x00007ff90813a000 	C:\Program Files\OpenJDK\openjdk-11.0.13_8\bin\jimage.dll
0x00007ff902a90000 - 0x00007ff902aa7000 	C:\Program Files\OpenJDK\openjdk-11.0.13_8\bin\zip.dll
0x00007ff938530000 - 0x00007ff938cde000 	C:\Windows\System32\SHELL32.dll
0x00007ff934780000 - 0x00007ff934fe8000 	C:\Windows\SYSTEM32\windows.storage.dll
0x00007ff9381b0000 - 0x00007ff938528000 	C:\Windows\System32\combase.dll
0x00007ff934610000 - 0x00007ff934776000 	C:\Windows\SYSTEM32\wintypes.dll
0x00007ff937ad0000 - 0x00007ff937bba000 	C:\Windows\System32\SHCORE.dll
0x00007ff938ec0000 - 0x00007ff938f1d000 	C:\Windows\System32\shlwapi.dll
0x00007ff936580000 - 0x00007ff9365a1000 	C:\Windows\SYSTEM32\profapi.dll
0x00007ff900450000 - 0x00007ff900469000 	C:\Program Files\OpenJDK\openjdk-11.0.13_8\bin\net.dll
0x00007ff92aae0000 - 0x00007ff92abec000 	C:\Windows\SYSTEM32\WINHTTP.dll
0x00007ff935b30000 - 0x00007ff935b97000 	C:\Windows\system32\mswsock.dll
0x00007ff8ff1f0000 - 0x00007ff8ff203000 	C:\Program Files\OpenJDK\openjdk-11.0.13_8\bin\nio.dll
0x00007ff8f8a70000 - 0x00007ff8f8a97000 	C:\Users\HP\.gradle\native\e1d6ef7f7dcc3fd88c89a11ec53ec762bb8ba0a96d01ffa2cd45eb1d1d8dd5c5\windows-amd64\native-platform.dll
0x00007ff8de840000 - 0x00007ff8de984000 	C:\Users\HP\.gradle\native\5664cfc778a61ccfe75a443a1ab52a65af34e5dc3c78e0209fed803814484fcb\windows-amd64\native-platform-file-events.dll
0x00007ff904c00000 - 0x00007ff904c09000 	C:\Program Files\OpenJDK\openjdk-11.0.13_8\bin\management.dll
0x00007ff903520000 - 0x00007ff90352c000 	C:\Program Files\OpenJDK\openjdk-11.0.13_8\bin\management_ext.dll
0x00007ff935e00000 - 0x00007ff935e18000 	C:\Windows\SYSTEM32\CRYPTSP.dll
0x00007ff935670000 - 0x00007ff9356a5000 	C:\Windows\system32\rsaenh.dll
0x00007ff935bd0000 - 0x00007ff935bf9000 	C:\Windows\SYSTEM32\USERENV.dll
0x00007ff935fb0000 - 0x00007ff935fd7000 	C:\Windows\SYSTEM32\bcrypt.dll
0x00007ff935d20000 - 0x00007ff935d2c000 	C:\Windows\SYSTEM32\CRYPTBASE.dll
0x00007ff935240000 - 0x00007ff93526d000 	C:\Windows\SYSTEM32\IPHLPAPI.DLL
0x00007ff9380a0000 - 0x00007ff9380a9000 	C:\Windows\System32\NSI.dll
0x00007ff92ae30000 - 0x00007ff92ae49000 	C:\Windows\SYSTEM32\dhcpcsvc6.DLL
0x00007ff9294a0000 - 0x00007ff9294be000 	C:\Windows\SYSTEM32\dhcpcsvc.DLL
0x00007ff9352b0000 - 0x00007ff935397000 	C:\Windows\SYSTEM32\DNSAPI.dll

dbghelp: loaded successfully - version: 4.0.5 - missing functions: none
symbol engine: initialized successfully - sym options: 0x614 - pdb path: .;C:\Program Files\OpenJDK\openjdk-11.0.13_8\bin;C:\Windows\SYSTEM32;C:\Windows\WinSxS\amd64_microsoft.windows.common-controls_6595b64144ccf1df_6.0.22000.120_none_9d947278b86cc467;C:\Program Files\OpenJDK\openjdk-11.0.13_8\bin\server;C:\Users\HP\.gradle\native\e1d6ef7f7dcc3fd88c89a11ec53ec762bb8ba0a96d01ffa2cd45eb1d1d8dd5c5\windows-amd64;C:\Users\HP\.gradle\native\5664cfc778a61ccfe75a443a1ab52a65af34e5dc3c78e0209fed803814484fcb\windows-amd64

VM Arguments:
jvm_args: --add-opens=java.base/java.util=ALL-UNNAMED --add-opens=java.base/java.lang=ALL-UNNAMED --add-opens=java.base/java.lang.invoke=ALL-UNNAMED --add-opens=java.base/java.util=ALL-UNNAMED --add-opens=java.prefs/java.util.prefs=ALL-UNNAMED --add-opens=java.prefs/java.util.prefs=ALL-UNNAMED --add-opens=java.base/java.nio.charset=ALL-UNNAMED --add-opens=java.base/java.net=ALL-UNNAMED --add-opens=java.base/java.util.concurrent.atomic=ALL-UNNAMED -XX:MaxMetaspaceSize=256m -XX:+HeapDumpOnOutOfMemoryError -Xms256m -Xmx512m -Dfile.encoding=windows-1252 -Duser.country=US -Duser.language=en -Duser.variant 
java_command: org.gradle.launcher.daemon.bootstrap.GradleDaemon 7.2
java_class_path (initial): C:\Users\HP\.gradle\wrapper\dists\gradle-7.2-all\260hg96vuh6ex27h9vo47iv4d\gradle-7.2\lib\gradle-launcher-7.2.jar
Launcher Type: SUN_STANDARD

[Global flags]
     intx CICompilerCount                          = 3                                         {product} {ergonomic}
   size_t CompressedClassSpaceSize                 = 260046848                                 {product} {ergonomic}
     uint ConcGCThreads                            = 1                                         {product} {ergonomic}
     uint G1ConcRefinementThreads                  = 4                                         {product} {ergonomic}
   size_t G1HeapRegionSize                         = 1048576                                   {product} {ergonomic}
    uintx GCDrainStackTargetSize                   = 64                                        {product} {ergonomic}
     bool HeapDumpOnOutOfMemoryError               = true                                   {manageable} {command line}
   size_t InitialHeapSize                          = 268435456                                 {product} {command line}
   size_t MarkStackSize                            = 4194304                                   {product} {ergonomic}
   size_t MaxHeapSize                              = 536870912                                 {product} {command line}
   size_t MaxMetaspaceSize                         = 268435456                                 {product} {command line}
   size_t MaxNewSize                               = 321912832                                 {product} {ergonomic}
   size_t MinHeapDeltaBytes                        = 1048576                                   {product} {ergonomic}
    uintx NonNMethodCodeHeapSize                   = 5830732                                {pd product} {ergonomic}
    uintx NonProfiledCodeHeapSize                  = 122913754                              {pd product} {ergonomic}
    uintx ProfiledCodeHeapSize                     = 122913754                              {pd product} {ergonomic}
    uintx ReservedCodeCacheSize                    = 251658240                              {pd product} {ergonomic}
     bool SegmentedCodeCache                       = true                                      {product} {ergonomic}
     bool UseCompressedClassPointers               = true                                 {lp64_product} {ergonomic}
     bool UseCompressedOops                        = true                                 {lp64_product} {ergonomic}
     bool UseG1GC                                  = true                                      {product} {ergonomic}
     bool UseLargePagesIndividualAllocation        = false                                  {pd product} {ergonomic}

Logging:
Log output configuration:
 #0: stdout all=warning uptime,level,tags
 #1: stderr all=off uptime,level,tags

Environment Variables:
JAVA_HOME=C:\Program Files\OpenJDK\openjdk-11.0.13_8
CLASSPATH=C:\Users\HP\Downloads\react-native\jumstore\android\\gradle\wrapper\gradle-wrapper.jar
PATH=C:\Users\HP\Downloads\react-native\jumstore\android\node_modules\.bin;C:\Users\HP\Downloads\react-native\jumstore\node_modules\.bin;C:\Users\HP\Downloads\react-native\node_modules\.bin;C:\Users\HP\Downloads\node_modules\.bin;C:\Users\HP\node_modules\.bin;C:\Users\node_modules\.bin;C:\node_modules\.bin;C:\Program Files\nodejs;C:\Users\HP\Downloads\react-native\jumstore\node_modules\.bin;C:\Users\HP\Downloads\react-native\node_modules\.bin;C:\Users\HP\Downloads\node_modules\.bin;C:\Users\HP\node_modules\.bin;C:\Users\node_modules\.bin;C:\node_modules\.bin;C:\Program Files\nodejs\node_modules\npm\node_modules\@npmcli\run-script\lib\node-gyp-bin;C:\Python310\Scripts\;C:\Python310\;C:\Windows\system32;C:\Windows;C:\Windows\System32\Wbem;C:\Windows\System32\WindowsPowerShell\v1.0\;C:\Windows\System32\OpenSSH\;C:\ProgramData\chocolatey\bin;C:\Program Files\Git\cmd;C:\Program Files (x86)\Intel\Intel(R) Management Engine Components\DAL;C:\Program Files\Intel\Intel(R) Management Engine Components\DAL;C:\Program Files\Docker\Docker\resources\bin;C:\ProgramData\DockerDesktop\version-bin;C:\Program Files\nodejs\;C:\Program Files\OpenJDK\openjdk-11.0.13_8\bin;C:\Users\HP\AppData\Local\Microsoft\WindowsApps;C:\Users\HP\AppData\Local\Programs\Microsoft VS Code\bin;C:\Users\HP\AppData\Local\GitHubDesktop\bin;C:\Program Files\heroku\bin;C:\Users\HP\AppData\Roaming\npm;C:\Users\HP\Downloads\react-native\jumstore\node_modules\.bin
USERNAME=HP
LANG=en_US.UTF-8
OS=Windows_NT
PROCESSOR_IDENTIFIER=Intel64 Family 6 Model 142 Stepping 9, GenuineIntel



---------------  S Y S T E M  ---------------

OS: Windows 10 , 64 bit Build 22000 (10.0.22000.434)
OS uptime: 0 days 9:13 hours
Hyper-V role detected

CPU:total 4 (initial active 4) (2 cores per cpu, 2 threads per core) family 6 model 142 stepping 9 microcode 0xde, cmov, cx8, fxsr, mmx, sse, sse2, sse3, ssse3, sse4.1, sse4.2, popcnt, avx, avx2, aes, clmul, erms, rtm, 3dnowpref, lzcnt, ht, tsc, tscinvbit, bmi1, bmi2, adx, fma

Memory: 4k page, system-wide physical 8071M (207M free)
TotalPageFile size 32647M (AvailPageFile size 0M)
current process WorkingSet (physical memory assigned to process): 347M, peak: 377M
current process commit charge ("private bytes"): 460M, peak: 488M

vm_info: OpenJDK 64-Bit Server VM (11.0.13+8) for windows-amd64 JRE (11.0.13+8), built on Oct  8 2021 16:28:06 by "" with MS VC++ 15.5 (VS2017)

END.
