JvmtiExport can_access_local_variables 0
JvmtiExport can_hotswap_or_post_breakpoint 0
JvmtiExport can_post_on_exceptions 0
# 162 ciObject found
instanceKlass org/gradle/api/internal/file/collections/DefaultConfigurableFileCollection$UnresolvedItemsCollector
instanceKlass org/gradle/api/file/ExpandDetails
instanceKlass org/gradle/api/internal/project/taskfactory/StandardTaskAction
instanceKlass org/gradle/api/internal/project/taskfactory/DefaultTaskClassInfoStore$StandardTaskActionFactory
instanceKlass org/gradle/internal/extensibility/ConventionAwareHelper$MappedPropertyImpl
instanceKlass org/gradle/api/internal/ConventionMapping$MappedProperty
instanceKlass org/gradle/api/tasks/AbstractCopyTask$$Lambda$650
instanceKlass org/gradle/api/tasks/AbstractCopyTask$$Lambda$649
instanceKlass org/gradle/api/tasks/AbstractCopyTask$$Lambda$648
instanceKlass org/gradle/api/tasks/AbstractCopyTask$$Lambda$647
instanceKlass org/gradle/api/tasks/AbstractCopyTask$$Lambda$646
instanceKlass org/gradle/api/tasks/AbstractCopyTask$$Lambda$645
instanceKlass org/gradle/api/internal/tasks/DefaultTaskInputPropertyRegistration
instanceKlass org/gradle/api/internal/tasks/TaskInputPropertyRegistration
instanceKlass org/gradle/api/tasks/TaskInputPropertyBuilder
instanceKlass org/gradle/api/internal/tasks/DefaultTaskInputs$4
instanceKlass org/gradle/api/tasks/AbstractCopyTask$$Lambda$644
instanceKlass org/gradle/api/internal/tasks/properties/FileParameterUtils$2
instanceKlass org/gradle/api/internal/tasks/TaskPropertyUtils
instanceKlass org/gradle/api/internal/tasks/AbstractTaskFilePropertyRegistration
instanceKlass org/gradle/api/internal/tasks/TaskInputFilePropertyRegistration
instanceKlass org/gradle/api/internal/tasks/TaskPropertyRegistration
instanceKlass org/gradle/api/internal/tasks/StaticValue
instanceKlass org/gradle/api/internal/tasks/TaskInputFilePropertyBuilderInternal
instanceKlass org/gradle/api/internal/tasks/TaskFilePropertyBuilderInternal
instanceKlass org/gradle/api/internal/tasks/DefaultTaskInputs$1
instanceKlass org/gradle/api/tasks/AbstractCopyTask$$Lambda$643
instanceKlass org/gradle/api/internal/file/copy/DefaultCopySpec$$Lambda$642
instanceKlass org/gradle/api/internal/file/copy/DefaultCopySpec$DefaultCopySpecAddress
instanceKlass java/lang/invoke/LambdaForm$MH
instanceKlass org/gradle/api/internal/file/copy/DefaultCopySpec$$Lambda$641
instanceKlass java/lang/invoke/LambdaForm$DMH
instanceKlass org/gradle/api/internal/file/copy/DefaultCopySpec$DefaultCopySpecResolver
instanceKlass org/gradle/api/internal/tasks/execution/SelfDescribingSpec
instanceKlass org/gradle/api/internal/tasks/DefaultTaskOutputs$$Lambda$640
instanceKlass org/gradle/api/internal/lambdas/SerializableLambdas
instanceKlass org/gradle/api/tasks/AbstractCopyTask$$Lambda$639
instanceKlass org/gradle/api/internal/lambdas/SerializableLambdas$SerializableSpec
instanceKlass org/gradle/api/tasks/AbstractCopyTask$$Lambda$638
instanceKlass org/gradle/api/internal/file/copy/PathNotationConverter
instanceKlass org/gradle/api/file/FileCopyDetails
instanceKlass org/gradle/api/internal/file/copy/CopySpecInternal$CopySpecListener
instanceKlass org/gradle/api/internal/file/copy/CopySpecInternal$CopySpecVisitor
instanceKlass org/gradle/api/internal/file/copy/DefaultCopySpec
instanceKlass org/gradle/api/internal/tasks/DefaultTaskLocalState
instanceKlass org/gradle/api/internal/tasks/DefaultTaskDestroyables
instanceKlass org/gradle/api/internal/tasks/TaskDestroyablesInternal
instanceKlass org/gradle/api/tasks/TaskOutputFilePropertyBuilder
instanceKlass org/gradle/api/internal/tasks/properties/OutputUnpacker$UnpackedOutputConsumer
instanceKlass org/gradle/api/internal/tasks/DefaultTaskOutputs
instanceKlass org/gradle/api/internal/tasks/TaskInputsDeprecationSupport
instanceKlass org/gradle/api/internal/FilePropertyContainer
instanceKlass org/gradle/api/tasks/TaskInputFilePropertyBuilder
instanceKlass org/gradle/api/tasks/TaskFilePropertyBuilder
instanceKlass org/gradle/api/tasks/TaskPropertyBuilder
instanceKlass org/gradle/api/internal/tasks/DefaultTaskInputs
instanceKlass org/gradle/internal/logging/slf4j/DefaultContextAwareTaskLogger
instanceKlass org/gradle/api/internal/AbstractTask$8
instanceKlass org/gradle/api/tasks/TaskAction
instanceKlass org/gradle/api/internal/tasks/TaskMutator
instanceKlass org/gradle/api/specs/CompositeSpec
instanceKlass org/gradle/api/internal/tasks/TaskStateInternal
instanceKlass org/gradle/api/internal/file/copy/CopyActionExecuter
instanceKlass org/gradle/api/internal/file/copy/CopySpecInternal$CopySpecAddress
instanceKlass org/gradle/api/internal/file/copy/CopySpecResolver
instanceKlass org/gradle/api/internal/file/copy/DelegatingCopySpecInternal
instanceKlass org/gradle/api/internal/AbstractTask$TaskInfo
instanceKlass org/gradle/api/internal/tasks/InputChangesAwareTaskAction
instanceKlass org/gradle/api/internal/tasks/ImplementationAwareTaskAction
instanceKlass groovy/util/ObservableList
instanceKlass org/gradle/api/internal/tasks/TaskLocalStateInternal
instanceKlass org/gradle/api/tasks/TaskLocalState
instanceKlass org/gradle/api/tasks/TaskDestroyables
instanceKlass org/gradle/api/internal/TaskOutputsInternal
instanceKlass org/gradle/api/internal/TaskInputsInternal
instanceKlass org/gradle/internal/logging/slf4j/ContextAwareTaskLogger
instanceKlass org/gradle/api/tasks/TaskOutputs
instanceKlass org/gradle/api/tasks/TaskInputs
instanceKlass org/gradle/api/tasks/TaskState
instanceKlass org/gradle/api/internal/project/taskfactory/TaskFactory$1
instanceKlass org/gradle/api/internal/tasks/DefaultTaskContainer$1
instanceKlass org/gradle/api/internal/artifacts/DefaultExcludeRule
instanceKlass org/gradle/api/artifacts/FileCollectionDependency
instanceKlass org/gradle/api/internal/artifacts/dependencies/SelfResolvingDependencyInternal
instanceKlass org/gradle/api/file/FileVisitDetails
instanceKlass org/gradle/api/file/FileTreeElement
instanceKlass com/android/builder/core/DefaultApiVersion
instanceKlass org/gradle/configuration/internal/DefaultListenerBuildOperationDecorator$1
instanceKlass org/gradle/listener/ClosureBackedMethodInvocationDispatch
instanceKlass com/android/builder/internal/ClassFieldImpl
instanceKlass org/gradle/api/internal/artifacts/dsl/DefaultArtifactHandler$DynamicMethods
instanceKlass org/gradle/api/internal/artifacts/dsl/DefaultArtifactHandler
instanceKlass org/gradle/internal/service/scopes/ProjectScopeServices$$Lambda$637
instanceKlass org/gradle/normalization/internal/DefaultInputNormalizationHandler
instanceKlass org/gradle/normalization/internal/DefaultRuntimeClasspathNormalization$DefaultPropertiesFileFilter$$Lambda$636
instanceKlass org/gradle/normalization/internal/DefaultRuntimeClasspathNormalization$$Lambda$635
instanceKlass org/gradle/api/internal/changedetection/state/IgnoringResourceEntryFilter
instanceKlass org/gradle/normalization/internal/DefaultRuntimeClasspathNormalization$EvaluatableFilter$$Lambda$634
instanceKlass org/gradle/normalization/internal/DefaultRuntimeClasspathNormalization$$Lambda$633
instanceKlass org/gradle/api/internal/changedetection/state/IgnoringResourceFilter
instanceKlass org/gradle/normalization/internal/DefaultRuntimeClasspathNormalization$RuntimeMetaInfNormalization
instanceKlass org/gradle/normalization/internal/DefaultRuntimeClasspathNormalization$DefaultPropertiesFileFilter
instanceKlass org/gradle/normalization/internal/DefaultRuntimeClasspathNormalization$EvaluatableFilter
instanceKlass org/gradle/normalization/MetaInfNormalization
instanceKlass org/gradle/normalization/internal/DefaultRuntimeClasspathNormalization
instanceKlass org/gradle/api/internal/file/ant/BaseDirSelector
instanceKlass org/apache/tools/ant/types/selectors/FileSelector
instanceKlass org/apache/tools/ant/types/resources/selectors/ResourceSelector
instanceKlass groovy/util/AntBuilderLocator
instanceKlass org/apache/tools/ant/helper/AntXMLContext
instanceKlass org/apache/tools/ant/ComponentHelper$$Lambda$632
instanceKlass org/apache/tools/ant/DefaultDefinitions
instanceKlass org/apache/tools/ant/TypeAdapter
instanceKlass org/apache/tools/ant/AntTypeDefinition
instanceKlass org/apache/tools/ant/property/ParseProperties$$Lambda$631
instanceKlass org/apache/tools/ant/property/ParseProperties$$Lambda$630
instanceKlass org/apache/tools/ant/property/ParseProperties
instanceKlass org/apache/tools/ant/ComponentHelper
instanceKlass java/text/CharacterIterator
instanceKlass org/apache/tools/ant/launch/Locator
instanceKlass org/apache/tools/ant/Main$$Lambda$629
instanceKlass org/apache/tools/ant/Main
instanceKlass org/apache/tools/ant/launch/AntMain
instanceKlass org/apache/tools/ant/PropertyHelper$PropertySetter
instanceKlass org/apache/tools/ant/PropertyHelper$2
instanceKlass org/apache/tools/ant/PropertyHelper$$Lambda$628
instanceKlass org/apache/tools/ant/PropertyHelper$$Lambda$627
instanceKlass org/apache/tools/ant/property/PropertyExpander
instanceKlass org/apache/tools/ant/property/ParseNextProperty
instanceKlass java/text/ParsePosition
instanceKlass org/apache/tools/ant/PropertyHelper$1
instanceKlass org/apache/tools/ant/PropertyHelper$PropertyEvaluator
instanceKlass org/apache/tools/ant/PropertyHelper$Delegate
instanceKlass org/apache/tools/ant/PropertyHelper
instanceKlass org/apache/tools/ant/property/GetProperty
instanceKlass java/util/stream/Collectors$$Lambda$626
instanceKlass java/util/stream/Collectors$$Lambda$625
instanceKlass java/util/stream/Collectors$$Lambda$624
instanceKlass java/util/stream/Collectors$$Lambda$623
instanceKlass org/apache/tools/ant/util/DeweyDecimal$$Lambda$622
instanceKlass java/util/Spliterators$IntArraySpliterator
instanceKlass org/apache/tools/ant/util/DeweyDecimal
instanceKlass org/apache/tools/ant/util/JavaEnvUtils
instanceKlass org/apache/tools/ant/util/StringUtils
instanceKlass org/apache/tools/ant/DefaultLogger
instanceKlass org/apache/tools/ant/Target
instanceKlass org/apache/tools/ant/TaskContainer
instanceKlass org/apache/tools/ant/ProjectHelperRepository$$Lambda$621
instanceKlass org/apache/tools/ant/ProjectHelperRepository$$Lambda$620
instanceKlass org/apache/tools/ant/ProjectHelperRepository$$Lambda$619
instanceKlass org/xml/sax/DTDHandler
instanceKlass org/xml/sax/ContentHandler
instanceKlass org/apache/tools/ant/helper/ProjectHelper2$AntHandler
instanceKlass org/apache/tools/ant/util/LoaderUtils
instanceKlass org/apache/tools/ant/ProjectHelperRepository
instanceKlass org/apache/tools/ant/ProjectHelper$$Lambda$618
instanceKlass org/apache/tools/ant/ProjectHelper$$Lambda$617
instanceKlass org/apache/tools/ant/ProjectHelper
instanceKlass org/apache/tools/ant/input/DefaultInputHandler
instanceKlass org/apache/tools/ant/Project$$Lambda$616
instanceKlass org/apache/tools/ant/types/FilterSetCollection
instanceKlass org/apache/tools/ant/types/EnumeratedAttribute
instanceKlass org/apache/tools/ant/Location
instanceKlass org/apache/tools/ant/input/InputHandler
instanceKlass org/apache/tools/ant/Project
instanceKlass org/gradle/api/internal/project/ant/AntLoggingAdapter
instanceKlass org/gradle/api/internal/project/ant/DefaultAntLoggingAdapterFactory
instanceKlass org/gradle/api/internal/project/DefaultAntBuilderFactory
instanceKlass org/gradle/util/internal/TextUtil$1
instanceKlass java/util/regex/CharPredicates$$Lambda$615
instanceKlass org/gradle/util/internal/TextUtil
instanceKlass org/gradle/util/internal/RelativePathUtil
instanceKlass org/gradle/api/internal/file/DefaultFilePropertyFactory$ToFileTransformer
instanceKlass org/gradle/api/internal/project/DefaultProject$5
instanceKlass java/io/Console
instanceKlass org/gradle/process/internal/health/memory/JvmMemoryStatusSnapshot
instanceKlass org/gradle/workers/internal/WorkerDaemonClientsManager$$Lambda$614
instanceKlass org/gradle/workers/internal/WorkerDaemonClient
instanceKlass org/gradle/workers/internal/WorkerDaemonExpiration$SimpleMemoryExpirationSelector
instanceKlass com/android/build/gradle/internal/crash/CrashReporting$afterEvaluate$1
instanceKlass com/android/build/gradle/internal/plugins/BasePlugin$$Lambda$613
instanceKlass com/android/build/gradle/internal/TaskManager$Companion$createTasksBeforeEvaluate$10
instanceKlass com/android/build/gradle/internal/TaskManager$Companion$createTasksBeforeEvaluate$9
instanceKlass com/android/build/gradle/internal/TaskManager$Companion$createTasksBeforeEvaluate$8
instanceKlass com/android/build/gradle/internal/TaskManager$Companion$createTasksBeforeEvaluate$7
instanceKlass com/android/build/gradle/internal/TaskManager$Companion$createTasksBeforeEvaluate$6
instanceKlass com/android/build/gradle/internal/tasks/VariantAwareTask
instanceKlass com/android/build/gradle/internal/TaskManager$Companion$createTasksBeforeEvaluate$5
instanceKlass com/android/build/gradle/internal/TaskManager$Companion$createTasksBeforeEvaluate$4
instanceKlass com/android/build/gradle/internal/tasks/factory/TaskConfigurationActions
instanceKlass com/android/build/gradle/internal/tasks/factory/TaskFactoryUtils
instanceKlass com/android/build/gradle/internal/tasks/factory/TaskCreationAction
instanceKlass com/android/build/gradle/internal/tasks/factory/TaskProviderCallback
instanceKlass com/android/build/gradle/internal/tasks/factory/TaskConfigAction
instanceKlass com/android/build/gradle/internal/tasks/factory/PreConfigAction
instanceKlass com/android/build/gradle/internal/tasks/factory/TaskInformation
instanceKlass com/android/build/gradle/internal/TaskManager$Companion$createTasksBeforeEvaluate$3
instanceKlass com/android/build/gradle/internal/TaskManager$Companion$createTasksBeforeEvaluate$2
instanceKlass com/android/build/gradle/internal/TaskManager$Companion$createTasksBeforeEvaluate$1
instanceKlass com/android/build/gradle/internal/tasks/factory/TaskFactoryImpl
instanceKlass com/android/build/gradle/internal/tasks/factory/TaskFactory
instanceKlass kotlin/collections/MapWithDefault
instanceKlass com/android/tools/build/jetifier/processor/com/android/tools/build/jetifier/processor/transform/java/JavaTransformer
instanceKlass com/android/tools/build/jetifier/processor/transform/proguard/ProGuardClassFilterParser$Companion
instanceKlass com/android/tools/build/jetifier/processor/transform/proguard/ProGuardClassFilterParser
instanceKlass com/android/tools/build/jetifier/processor/transform/proguard/patterns/PatternHelper
instanceKlass com/android/tools/build/jetifier/processor/transform/proguard/ProGuardClassSpecParser$Companion
instanceKlass com/android/tools/build/jetifier/processor/transform/proguard/ProGuardClassSpecParser
instanceKlass com/android/tools/build/jetifier/processor/transform/proguard/patterns/GroupsReplacer
instanceKlass com/android/tools/build/jetifier/processor/transform/proguard/patterns/ReplacersRunner
instanceKlass com/android/tools/build/jetifier/processor/transform/proguard/ProGuardTypesMapper$Companion
instanceKlass com/android/tools/build/jetifier/processor/transform/proguard/ProGuardTypesMapper
instanceKlass com/android/tools/build/jetifier/processor/transform/proguard/ProGuardTransformer
instanceKlass com/android/tools/build/jetifier/processor/transform/resource/XmlResourcesTransformer$Companion
instanceKlass com/android/tools/build/jetifier/processor/transform/resource/XmlResourcesTransformer
instanceKlass com/android/tools/build/jetifier/processor/transform/bytecode/ByteCodeTransformer
instanceKlass com/android/tools/build/jetifier/processor/transform/Transformer
instanceKlass com/android/tools/build/jetifier/core/TypeRewriter$Companion
instanceKlass com/android/tools/build/jetifier/core/TypeRewriter
instanceKlass com/android/tools/build/jetifier/processor/transform/TransformationContext
instanceKlass com/android/tools/build/jetifier/core/pom/DependencyVersions$Companion
instanceKlass com/android/tools/build/jetifier/core/pom/DependencyVersions
instanceKlass kotlin/ranges/RangesKt__RangesKt
instanceKlass com/android/tools/build/jetifier/core/config/Config$Companion
instanceKlass com/android/tools/build/jetifier/core/config/Config
instanceKlass com/android/tools/build/jetifier/core/proguard/ProGuardTypesMap$Companion
instanceKlass com/android/tools/build/jetifier/core/proguard/ProGuardTypesMap
instanceKlass com/android/tools/build/jetifier/core/proguard/ProGuardType$Companion
instanceKlass com/android/tools/build/jetifier/core/proguard/ProGuardType
instanceKlass com/google/gson/internal/LinkedTreeMap$LinkedTreeMapIterator
instanceKlass com/android/tools/build/jetifier/core/type/TypesMap$Companion
instanceKlass com/android/tools/build/jetifier/core/type/TypesMap
instanceKlass com/android/tools/build/jetifier/core/type/JavaType$Companion
instanceKlass com/android/tools/build/jetifier/core/type/JavaType
instanceKlass kotlin/collections/EmptyMap
instanceKlass com/android/tools/build/jetifier/core/pom/DependencyVersionsMap$Companion
instanceKlass com/android/tools/build/jetifier/core/pom/DependencyVersionsMap
instanceKlass com/android/tools/build/jetifier/core/pom/PomRewriteRule$Companion
instanceKlass com/android/tools/build/jetifier/core/pom/PomRewriteRule
instanceKlass com/android/tools/build/jetifier/core/PackageMap$Companion
instanceKlass com/android/tools/build/jetifier/core/PackageMap
instanceKlass com/android/tools/build/jetifier/core/PackageMap$PackageRule
instanceKlass kotlin/collections/EmptyIterator
instanceKlass kotlin/collections/EmptyList
instanceKlass com/android/tools/build/jetifier/core/rule/RewriteRulesMap$Companion
instanceKlass com/android/tools/build/jetifier/core/rule/RewriteRulesMap
instanceKlass com/android/tools/build/jetifier/core/rule/RewriteRule$Companion
instanceKlass com/android/tools/build/jetifier/core/rule/RewriteRule
instanceKlass com/google/gson/internal/LinkedTreeMap$Node
instanceKlass com/google/gson/internal/LinkedTreeMap$1
instanceKlass com/google/gson/internal/ConstructorConstructor$11
instanceKlass com/google/gson/internal/ConstructorConstructor$13
instanceKlass com/android/tools/build/jetifier/core/pom/PomDependency
instanceKlass com/android/tools/build/jetifier/core/pom/PomRewriteRule$JsonData
instanceKlass com/android/tools/build/jetifier/core/PackageMap$PackageRule$JsonData
instanceKlass com/android/tools/build/jetifier/core/rule/RewriteRule$JsonData
instanceKlass com/google/gson/internal/ConstructorConstructor$8
instanceKlass com/google/gson/internal/Primitives
instanceKlass com/google/gson/internal/$Gson$Types$ParameterizedTypeImpl
instanceKlass com/google/gson/annotations/SerializedName
instanceKlass jdk/internal/vm/annotation/ForceInline
instanceKlass com/google/gson/internal/UnsafeAllocator
instanceKlass com/google/gson/internal/ConstructorConstructor$14
instanceKlass com/android/tools/build/jetifier/core/proguard/ProGuardTypesMap$JsonData
instanceKlass com/android/tools/build/jetifier/core/type/TypesMap$JsonData
instanceKlass com/google/gson/annotations/JsonAdapter
instanceKlass com/google/gson/internal/JsonReaderInternalAccess
instanceKlass com/android/tools/build/jetifier/core/config/Config$JsonData
instanceKlass kotlin/io/TextStreamsKt
instanceKlass kotlin/text/Charsets
instanceKlass com/android/tools/build/jetifier/core/utils/StdOutLogConsumer
instanceKlass com/android/tools/build/jetifier/core/utils/LogConsumer
instanceKlass com/android/tools/build/jetifier/core/utils/Log
instanceKlass com/google/gson/internal/bind/ReflectiveTypeAdapterFactory$BoundField
instanceKlass com/google/gson/internal/bind/ReflectiveTypeAdapterFactory
instanceKlass com/google/gson/internal/bind/JsonAdapterAnnotationTypeAdapterFactory
instanceKlass com/google/gson/internal/bind/MapTypeAdapterFactory
instanceKlass com/google/gson/internal/bind/CollectionTypeAdapterFactory
instanceKlass com/google/gson/internal/bind/ArrayTypeAdapter$1
instanceKlass com/google/gson/internal/bind/SqlDateTypeAdapter$1
instanceKlass com/google/gson/internal/bind/TimeTypeAdapter$1
instanceKlass com/google/gson/internal/bind/DateTypeAdapter$1
instanceKlass java/util/concurrent/atomic/AtomicLongArray
instanceKlass com/google/gson/internal/bind/ObjectTypeAdapter$1
instanceKlass com/google/gson/internal/bind/TypeAdapters$30
instanceKlass com/google/gson/internal/bind/TypeAdapters$34
instanceKlass com/google/gson/internal/bind/TypeAdapters$26
instanceKlass java/util/Currency
instanceKlass com/google/gson/internal/bind/TypeAdapters$35
instanceKlass java/util/concurrent/atomic/AtomicIntegerArray
instanceKlass com/google/gson/internal/bind/TypeAdapters$33
instanceKlass com/google/gson/internal/bind/TypeAdapters$32
instanceKlass com/google/gson/internal/bind/TypeAdapters
instanceKlass com/google/gson/internal/JavaVersion
instanceKlass com/google/gson/internal/reflect/ReflectionAccessor
instanceKlass com/google/gson/internal/ObjectConstructor
instanceKlass com/google/gson/internal/ConstructorConstructor
instanceKlass com/google/gson/internal/$Gson$Types
instanceKlass com/google/gson/internal/$Gson$Preconditions
instanceKlass com/google/gson/reflect/TypeToken
instanceKlass com/google/gson/stream/JsonReader
instanceKlass com/google/gson/stream/JsonWriter
instanceKlass com/google/gson/Gson
instanceKlass com/google/gson/JsonElement
instanceKlass com/google/gson/internal/Excluder
instanceKlass com/google/gson/TypeAdapterFactory
instanceKlass com/google/gson/TypeAdapter
instanceKlass com/google/gson/FieldNamingStrategy
instanceKlass com/google/gson/GsonBuilder
instanceKlass com/android/tools/build/jetifier/core/config/ConfigParser
instanceKlass com/android/tools/build/jetifier/processor/Processor$Companion
instanceKlass com/android/tools/build/jetifier/processor/Processor
instanceKlass com/android/tools/build/jetifier/processor/archive/ArchiveItemVisitor
instanceKlass com/android/build/gradle/internal/dependency/AndroidXDependencySubstitution
instanceKlass com/android/build/gradle/internal/TaskManager$Companion
instanceKlass com/android/build/gradle/internal/plugins/BasePlugin$$Lambda$612
instanceKlass com/android/build/gradle/internal/plugins/BasePlugin$$Lambda$611
instanceKlass com/android/build/gradle/internal/core/VariantDslInfoBuilder$Companion
instanceKlass com/android/build/gradle/internal/core/VariantDslInfoBuilder
instanceKlass kotlin/_Assertions
instanceKlass com/google/common/base/Joiner
instanceKlass com/android/utils/FileUtils
instanceKlass com/android/build/gradle/ProguardFiles$$Lambda$610
instanceKlass com/android/build/gradle/ProguardFiles
instanceKlass com/android/builder/core/AbstractBuildType$Companion
instanceKlass com/android/build/gradle/internal/dsl/BuildType$Companion
instanceKlass com/android/build/gradle/internal/dsl/PostProcessingBlock
instanceKlass com/android/build/gradle/internal/ProguardFilesProvider
instanceKlass java/security/KeyStore$1
instanceKlass java/security/KeyStore
instanceKlass com/android/builder/signing/DefaultSigningConfig$Companion
instanceKlass com/android/build/gradle/internal/ide/v2/NativeModelBuilder$ops$1
instanceKlass com/android/build/gradle/internal/ide/v2/NativeModelBuilder
instanceKlass com/android/build/gradle/internal/ide/v2/ModelBuilder
instanceKlass com/android/builder/model/AndroidArtifact
instanceKlass com/android/builder/model/BaseArtifact
instanceKlass com/android/builder/model/InstantRun
instanceKlass com/android/builder/model/TestOptions
instanceKlass com/android/builder/model/VariantBuildInformation
instanceKlass com/android/builder/model/AndroidGradlePluginProjectFlags
instanceKlass com/android/builder/model/DependenciesInfo
instanceKlass com/android/builder/model/ViewBindingOptions
instanceKlass com/android/builder/core/ManifestAttributeSupplier
instanceKlass com/android/builder/model/Variant
instanceKlass com/android/build/api/artifact/Artifact$Replaceable
instanceKlass com/android/build/gradle/internal/ide/dependencies/DependencyModelBuilder
instanceKlass com/android/builder/model/ModelBuilderParameter
instanceKlass com/android/build/gradle/internal/ide/ModelBuilder
instanceKlass com/android/build/gradle/internal/plugins/BasePlugin$$Lambda$609
instanceKlass com/android/build/gradle/internal/plugins/BasePlugin$$Lambda$608
instanceKlass com/android/build/gradle/internal/plugins/BasePlugin$$Lambda$607
instanceKlass com/android/build/gradle/internal/variant/VariantModelImpl
instanceKlass com/android/build/gradle/internal/services/TaskCreationServices
instanceKlass com/android/build/gradle/internal/services/VariantPropertiesApiServices
instanceKlass com/android/build/gradle/internal/services/VariantApiServices
instanceKlass com/android/build/gradle/internal/api/ReadOnlyObjectProvider
instanceKlass com/android/build/gradle/internal/api/VariantFilter
instanceKlass com/android/build/gradle/options/SigningOptions
instanceKlass com/android/build/gradle/internal/VariantManager$Companion
instanceKlass com/android/build/api/extension/impl/AndroidComponentsExtensionImpl
instanceKlass com/android/build/gradle/internal/dsl/SdkComponentsImpl$adb$1
instanceKlass com/android/build/gradle/internal/dsl/SdkComponentsImpl$sdkDirectory$1
instanceKlass com/android/build/gradle/internal/plugins/AppPlugin$$Lambda$606
instanceKlass com/android/build/gradle/internal/plugins/AppPlugin$$Lambda$605
instanceKlass com/android/build/gradle/internal/plugins/AppPlugin$$Lambda$604
instanceKlass com/android/build/gradle/internal/plugins/AppPlugin$$Lambda$603
instanceKlass com/android/build/gradle/internal/dsl/SdkComponentsImpl
instanceKlass com/android/build/api/extension/impl/VariantSelectorImpl
instanceKlass com/android/build/api/extension/VariantSelector
instanceKlass com/android/build/api/extension/impl/OperationsRegistrar
instanceKlass com/android/build/gradle/internal/dsl/ViewBindingOptionsImpl
instanceKlass com/android/build/api/variant/VariantFilter
instanceKlass com/android/builder/core/LibraryRequest
instanceKlass com/android/build/gradle/api/ApplicationVariant
instanceKlass com/android/build/gradle/internal/api/TestedVariant
instanceKlass com/android/builder/testing/api/TestServer
instanceKlass com/android/builder/testing/api/DeviceProvider
instanceKlass com/android/builder/core/DefaultDexOptions
instanceKlass com/android/builder/core/DexOptions
instanceKlass com/android/build/api/transform/Transform
instanceKlass com/android/build/gradle/api/UnitTestVariant
instanceKlass com/android/build/gradle/api/TestVariant
instanceKlass com/android/build/gradle/api/ApkVariant
instanceKlass com/android/build/gradle/internal/core/InternalBaseVariant
instanceKlass com/android/build/gradle/api/AndroidArtifactVariant
instanceKlass com/android/build/gradle/api/VersionedVariant
instanceKlass com/android/build/gradle/api/InstallableVariant
instanceKlass com/android/build/gradle/api/BaseVariant
instanceKlass com/android/build/gradle/api/ViewBindingOptions
instanceKlass com/android/build/api/dsl/SdkComponents
instanceKlass com/android/build/gradle/internal/dsl/BundleOptionsTexture
instanceKlass com/android/build/api/dsl/BundleTexture
instanceKlass com/android/build/gradle/internal/dsl/BundleOptionsDeviceTier
instanceKlass com/android/build/api/dsl/BundleDeviceTier
instanceKlass com/android/build/gradle/internal/dsl/BundleOptionsAbi
instanceKlass com/android/build/api/dsl/BundleAbi
instanceKlass com/android/build/gradle/internal/dsl/BundleOptionsDensity
instanceKlass com/android/build/api/dsl/BundleDensity
instanceKlass com/android/build/gradle/internal/dsl/BundleOptionsLanguage
instanceKlass com/android/build/api/dsl/BundleLanguage
instanceKlass com/android/build/gradle/internal/dsl/BundleOptions
instanceKlass com/android/build/api/dsl/Bundle
instanceKlass com/android/build/gradle/internal/dsl/DependenciesInfoImpl
instanceKlass com/android/build/api/variant/DependenciesInfo
instanceKlass com/android/build/api/dsl/DependenciesInfo
instanceKlass org/gradle/internal/instantiation/generator/AsmBackedClassGenerator$ClassBuilderImpl$$Lambda$602
instanceKlass com/android/build/gradle/internal/dsl/BuildFeaturesImpl
instanceKlass com/android/build/api/dsl/ApplicationBuildFeatures
instanceKlass com/android/build/gradle/internal/dsl/TestOptions$1
instanceKlass com/android/build/gradle/internal/dsl/ManagedVirtualDevice
instanceKlass com/android/build/api/dsl/ManagedVirtualDevice
instanceKlass com/android/build/gradle/internal/dsl/FailureRetention
instanceKlass com/android/build/gradle/internal/dsl/DeviceGroupFactory
instanceKlass com/android/build/api/dsl/Device
instanceKlass com/android/build/api/dsl/DeviceGroup
instanceKlass com/android/build/api/dsl/FailureRetention
instanceKlass com/android/build/gradle/internal/dsl/TestOptions$UnitTestOptions
instanceKlass com/android/build/api/dsl/UnitTestOptions
instanceKlass com/android/build/gradle/internal/dsl/TestOptions
instanceKlass com/android/build/api/dsl/TestOptions
instanceKlass com/android/build/api/dsl/AbiSplit
instanceKlass com/android/build/gradle/internal/dsl/SplitOptions
instanceKlass com/android/build/api/dsl/DensitySplit
instanceKlass com/android/build/api/dsl/SplitOptions
instanceKlass com/android/build/gradle/internal/dsl/LanguageSplitOptions
instanceKlass com/android/build/gradle/internal/dsl/Splits
instanceKlass com/android/build/api/dsl/Splits
instanceKlass com/android/build/gradle/internal/dsl/ResourcesPackagingOptionsImpl
instanceKlass com/android/build/gradle/internal/dsl/JniLibsPackagingOptionsImpl
instanceKlass com/android/build/gradle/internal/dsl/DexPackagingOptionsImpl
instanceKlass com/android/build/gradle/internal/packaging/PackagingOptionsUtilsKt
instanceKlass com/android/build/api/dsl/JniLibsPackagingOptions
instanceKlass com/android/build/api/dsl/DexPackagingOptions
instanceKlass com/android/build/api/dsl/ResourcesPackagingOptions
instanceKlass com/android/build/gradle/internal/dsl/PackagingOptions
instanceKlass com/android/build/api/dsl/PackagingOptions
instanceKlass com/android/builder/model/PackagingOptions
instanceKlass com/android/build/gradle/internal/dsl/LintOptions
instanceKlass com/android/build/api/dsl/LintOptions
instanceKlass com/android/builder/model/LintOptions
instanceKlass com/android/build/gradle/internal/coverage/JacocoOptions
instanceKlass com/android/build/api/dsl/JacocoOptions
instanceKlass com/android/build/gradle/internal/dsl/NdkBuildOptions
instanceKlass com/android/build/gradle/internal/model/CoreNdkBuildOptions
instanceKlass com/android/build/api/dsl/NdkBuild
instanceKlass com/android/build/gradle/internal/dsl/CmakeOptions
instanceKlass com/android/build/gradle/internal/model/CoreCmakeOptions
instanceKlass com/android/build/api/dsl/Cmake
instanceKlass com/android/build/gradle/internal/dsl/ExternalNativeBuild
instanceKlass com/android/build/api/dsl/ExternalNativeBuild
instanceKlass com/android/build/gradle/internal/model/CoreExternalNativeBuild
instanceKlass com/android/build/api/dsl/BuildFeatures
instanceKlass com/android/build/gradle/internal/dsl/CommonExtensionImpl$dataBinding$1
instanceKlass com/android/build/gradle/internal/dsl/DataBindingOptions
instanceKlass com/android/build/api/dsl/DataBinding
instanceKlass com/android/builder/model/DataBindingOptions
instanceKlass com/android/build/gradle/internal/dsl/ComposeOptionsImpl
instanceKlass com/android/build/api/dsl/ComposeOptions
instanceKlass kotlin/properties/ObservableProperty
instanceKlass kotlin/properties/ReadWriteProperty
instanceKlass kotlin/properties/ReadOnlyProperty
instanceKlass kotlin/properties/Delegates
instanceKlass com/google/common/base/Charsets
instanceKlass com/android/build/gradle/internal/CompileOptions
instanceKlass com/android/build/api/dsl/CompileOptions
instanceKlass com/android/build/gradle/internal/dsl/AdbOptions
instanceKlass com/android/build/api/dsl/AdbOptions
instanceKlass com/android/builder/model/AdbOptions
instanceKlass com/android/build/gradle/internal/dsl/AaptOptions
instanceKlass com/android/build/api/dsl/AaptOptions
instanceKlass com/android/builder/core/ToolsRevisionUtils
instanceKlass com/android/build/gradle/internal/dsl/CommonExtensionImpl
instanceKlass com/android/build/gradle/TestedAndroidConfig
instanceKlass com/android/build/gradle/internal/dsl/InternalApplicationExtension
instanceKlass com/android/build/gradle/internal/dsl/InternalCommonExtension
instanceKlass com/android/build/api/dsl/ApplicationExtension
instanceKlass com/android/build/api/dsl/TestedExtension
instanceKlass com/android/build/api/dsl/ApkExtension
instanceKlass com/android/build/api/dsl/CommonExtension
instanceKlass com/android/build/gradle/internal/variant/LegacyVariantInputManager$6
instanceKlass com/android/build/gradle/internal/variant/LegacyVariantInputManager$4
instanceKlass com/android/build/gradle/internal/variant/LegacyVariantInputManager$2
instanceKlass com/android/build/gradle/internal/variant/LegacyVariantInputManager$sam$org_gradle_api_Action$0
instanceKlass com/android/build/gradle/internal/VariantDimensionData
instanceKlass com/android/build/gradle/internal/dependency/RenamedConfigurationAction
instanceKlass com/android/utils/StringHelper
instanceKlass com/android/build/gradle/internal/api/DefaultAndroidSourceFile
instanceKlass org/gradle/internal/typeconversion/CharSequenceNotationParser
instanceKlass com/android/build/api/artifact/ArtifactKind
instanceKlass com/android/build/api/artifact/Artifact$Companion
instanceKlass com/android/build/api/artifact/Artifact
instanceKlass com/android/build/gradle/internal/api/DefaultAndroidSourceDirectorySet
instanceKlass org/gradle/util/GUtil
instanceKlass com/android/build/gradle/api/AndroidSourceFile
instanceKlass com/android/build/api/dsl/AndroidSourceFile
instanceKlass com/android/build/gradle/api/AndroidSourceDirectorySet
instanceKlass com/android/build/api/dsl/AndroidSourceDirectorySet
instanceKlass com/android/build/gradle/internal/api/DefaultAndroidSourceSet
instanceKlass com/android/builder/model/SourceProvider
instanceKlass com/google/common/collect/Collections2
instanceKlass com/android/resources/Density$1
instanceKlass com/android/resources/ResourceEnum
instanceKlass org/gradle/process/CommandLineArgumentProvider
instanceKlass com/android/build/gradle/internal/dsl/AnnotationProcessorOptions
instanceKlass com/android/build/gradle/api/AnnotationProcessorOptions
instanceKlass com/android/build/api/dsl/AnnotationProcessorOptions
instanceKlass com/google/common/annotations/VisibleForTesting
instanceKlass com/android/build/gradle/internal/dsl/ExternalNativeCmakeOptions
instanceKlass com/android/build/api/dsl/ExternalNativeCmakeOptions
instanceKlass com/android/build/gradle/internal/dsl/CoreExternalNativeCmakeOptions
instanceKlass com/android/build/gradle/internal/dsl/ExternalNativeNdkBuildOptions
instanceKlass com/android/build/api/dsl/ExternalNativeNdkBuildOptions
instanceKlass com/android/build/gradle/internal/dsl/CoreExternalNativeNdkBuildOptions
instanceKlass com/google/common/base/Enums
instanceKlass com/google/common/collect/Sets
instanceKlass kotlin/jvm/JvmStatic
instanceKlass com/android/builder/internal/BaseConfigImpl$Companion
instanceKlass com/android/builder/model/ClassField
instanceKlass com/android/builder/core/AbstractProductFlavor$Companion
instanceKlass org/gradle/internal/reflect/MethodSet$1
instanceKlass com/android/builder/core/AbstractProductFlavor$DimensionRequest
instanceKlass com/android/build/gradle/internal/dsl/NdkOptions
instanceKlass com/android/build/api/dsl/Ndk
instanceKlass com/android/builder/model/ApiVersion
instanceKlass com/android/build/gradle/internal/dsl/AarMetadata
instanceKlass com/android/build/api/dsl/AarMetadata
instanceKlass com/android/builder/core/DefaultVectorDrawablesOptions
instanceKlass com/android/builder/model/VectorDrawablesOptions
instanceKlass com/android/build/api/dsl/VectorDrawables
instanceKlass com/android/build/gradle/internal/dsl/CoreNdkOptions
instanceKlass com/android/build/gradle/internal/dsl/ShaderOptions
instanceKlass com/android/build/api/dsl/Shaders
instanceKlass com/android/build/gradle/internal/dsl/CoreShaderOptions
instanceKlass com/android/build/gradle/internal/dsl/JavaCompileOptions
instanceKlass com/android/build/api/dsl/JavaCompileOptions
instanceKlass com/android/build/gradle/api/JavaCompileOptions
instanceKlass com/android/build/gradle/internal/dsl/ExternalNativeBuildOptions
instanceKlass com/android/build/api/dsl/ExternalNativeBuildOptions
instanceKlass com/android/build/gradle/internal/dsl/CoreExternalNativeBuildOptions
instanceKlass org/gradle/api/internal/provider/sources/EnvironmentVariableValueSource$Parameters$Inject
instanceKlass com/android/prefs/AndroidLocation$Global$$Lambda$601
instanceKlass com/android/prefs/AndroidLocation$Global$$Lambda$600
instanceKlass com/android/prefs/AndroidLocation
instanceKlass java/security/KeyStore$ProtectionParameter
instanceKlass org/bouncycastle/jcajce/provider/config/ConfigurableProvider
instanceKlass sun/security/util/ManifestEntryVerifier$SunProviderHolder
instanceKlass java/util/Base64$Encoder
instanceKlass java/util/Base64$Decoder
instanceKlass java/util/Base64
instanceKlass javax/crypto/SecretKey
instanceKlass sun/security/util/Length
instanceKlass sun/security/util/KeyUtil
instanceKlass java/security/interfaces/XECKey
instanceKlass java/security/interfaces/ECKey
instanceKlass sun/security/util/JarConstraintsParameters
instanceKlass sun/security/util/ConstraintsParameters
instanceKlass java/security/spec/DSAParameterSpec
instanceKlass java/security/interfaces/DSAParams
instanceKlass java/security/interfaces/DSAPrivateKey
instanceKlass java/security/Timestamp
instanceKlass sun/security/timestamp/TimestampToken
instanceKlass java/security/cert/CertPath
instanceKlass sun/security/rsa/RSAPadding
instanceKlass sun/security/rsa/RSACore
instanceKlass sun/security/rsa/RSAUtil$1
instanceKlass java/security/interfaces/RSAPrivateCrtKey
instanceKlass sun/security/pkcs/PKCS8Key
instanceKlass java/security/interfaces/RSAPrivateKey
instanceKlass java/security/PrivateKey
instanceKlass javax/security/auth/Destroyable
instanceKlass sun/security/util/SignatureUtil
instanceKlass sun/security/jca/ServiceId
instanceKlass java/security/Signature$1
instanceKlass jdk/internal/misc/JavaSecuritySignatureAccess
instanceKlass java/security/SignatureSpi
instanceKlass sun/text/normalizer/Trie2$UTrie2Header
instanceKlass sun/text/normalizer/Trie2$1
instanceKlass sun/text/normalizer/Trie2$ValueMapper
instanceKlass sun/text/normalizer/Trie2
instanceKlass sun/text/normalizer/VersionInfo
instanceKlass sun/text/normalizer/ICUBinary$1
instanceKlass sun/text/normalizer/ICUBinary
instanceKlass sun/text/normalizer/NormalizerImpl$IsAcceptable
instanceKlass sun/text/normalizer/ICUBinary$Authenticate
instanceKlass sun/text/normalizer/NormalizerImpl
instanceKlass sun/text/normalizer/Norm2AllModes$Norm2AllModesSingleton
instanceKlass sun/text/normalizer/Norm2AllModes$NFKCSingleton
instanceKlass sun/text/normalizer/Norm2AllModes
instanceKlass sun/text/normalizer/Normalizer2
instanceKlass sun/text/normalizer/NormalizerBase$ModeImpl
instanceKlass sun/text/normalizer/NormalizerBase$NFKDModeImpl
instanceKlass sun/text/normalizer/NormalizerBase$1
instanceKlass sun/text/normalizer/NormalizerBase$Mode
instanceKlass sun/text/normalizer/NormalizerBase
instanceKlass java/text/Normalizer
instanceKlass sun/security/x509/AVAKeyword
instanceKlass sun/security/pkcs/ESSCertId
instanceKlass sun/security/pkcs/SigningCertificateInfo
instanceKlass sun/security/x509/DistributionPoint
instanceKlass sun/security/x509/DNSName
instanceKlass sun/security/x509/URIName
instanceKlass sun/security/x509/AccessDescription
instanceKlass sun/security/rsa/RSAUtil
instanceKlass java/security/interfaces/RSAPublicKey
instanceKlass java/security/interfaces/RSAKey
instanceKlass java/security/spec/RSAPrivateKeySpec
instanceKlass java/security/spec/RSAPublicKeySpec
instanceKlass sun/security/rsa/SunRsaSignEntries
instanceKlass sun/security/pkcs/PKCS9Attribute
instanceKlass sun/security/pkcs/PKCS9Attributes
instanceKlass sun/security/util/DisabledAlgorithmConstraints$1
instanceKlass java/security/spec/ECFieldF2m
instanceKlass java/security/spec/ECParameterSpec
instanceKlass java/security/spec/AlgorithmParameterSpec
instanceKlass java/security/spec/ECPoint
instanceKlass java/security/spec/EllipticCurve
instanceKlass java/security/spec/ECFieldFp
instanceKlass java/security/spec/ECField
instanceKlass sun/security/util/CurveDB$Holder
instanceKlass sun/security/util/CurveDB
instanceKlass sun/security/util/DisabledAlgorithmConstraints$Constraint
instanceKlass sun/security/util/DisabledAlgorithmConstraints$Constraints
instanceKlass sun/security/util/AbstractAlgorithmConstraints$1
instanceKlass sun/security/util/AlgorithmDecomposer
instanceKlass sun/security/util/DisabledAlgorithmConstraints$JarHolder
instanceKlass sun/security/util/AbstractAlgorithmConstraints
instanceKlass java/security/AlgorithmConstraints
instanceKlass sun/security/pkcs/SignerInfo
instanceKlass sun/security/x509/RFC822Name
instanceKlass sun/security/x509/GeneralName
instanceKlass jdk/internal/event/EventHelper
instanceKlass jdk/internal/event/Event
instanceKlass sun/security/util/MemoryCache$CacheEntry
instanceKlass sun/security/x509/X509AttributeName
instanceKlass sun/security/x509/GeneralNames
instanceKlass sun/security/x509/KeyIdentifier
instanceKlass sun/security/x509/NetscapeCertTypeExtension$MapEntry
instanceKlass sun/security/x509/OIDMap$OIDInfo
instanceKlass sun/security/x509/PKIXExtensions
instanceKlass sun/security/x509/OIDMap
instanceKlass sun/security/x509/Extension
instanceKlass java/security/cert/Extension
instanceKlass sun/security/x509/CertificateExtensions
instanceKlass java/security/interfaces/DSAPublicKey
instanceKlass java/security/interfaces/DSAKey
instanceKlass java/security/spec/DSAPublicKeySpec
instanceKlass java/security/KeyFactorySpi
instanceKlass sun/security/jca/ProviderList$ServiceList$1
instanceKlass java/security/KeyFactory
instanceKlass java/security/spec/EncodedKeySpec
instanceKlass java/security/spec/KeySpec
instanceKlass sun/security/util/BitArray
instanceKlass java/security/AlgorithmParametersSpi
instanceKlass java/security/AlgorithmParameters
instanceKlass sun/security/x509/X509Key
instanceKlass java/security/PublicKey
instanceKlass java/security/Key
instanceKlass sun/security/x509/CertificateX509Key
instanceKlass sun/security/x509/CertificateValidity
instanceKlass sun/security/x509/AVA
instanceKlass sun/security/x509/RDN
instanceKlass javax/security/auth/x500/X500Principal
instanceKlass sun/security/x509/X500Name$1
instanceKlass sun/security/x509/X500Name
instanceKlass sun/security/x509/GeneralNameInterface
instanceKlass sun/security/x509/CertificateAlgorithmId
instanceKlass sun/security/x509/SerialNumber
instanceKlass sun/security/x509/CertificateSerialNumber
instanceKlass sun/security/x509/CertificateVersion
instanceKlass sun/security/x509/X509CertInfo
instanceKlass sun/security/x509/CertAttrSet
instanceKlass sun/security/util/Cache$EqualByteArray
instanceKlass java/security/cert/X509Extension
instanceKlass sun/security/util/Cache
instanceKlass java/security/cert/CertificateFactorySpi
instanceKlass java/security/cert/CertificateFactory
instanceKlass sun/security/x509/AlgorithmId
instanceKlass sun/security/util/ByteArrayTagOrder
instanceKlass sun/security/util/ByteArrayLexOrder
instanceKlass sun/security/util/DerEncoder
instanceKlass sun/security/util/IOUtils
instanceKlass sun/security/util/DerValue
instanceKlass sun/security/util/ObjectIdentifier
instanceKlass sun/security/pkcs/ContentInfo
instanceKlass sun/security/util/DerIndefLenConverter
instanceKlass sun/security/util/DerInputStream
instanceKlass sun/security/pkcs/PKCS7
instanceKlass sun/security/util/ManifestDigester$$Lambda$599
instanceKlass sun/security/util/ManifestDigester$Section
instanceKlass sun/security/util/ManifestDigester$Entry
instanceKlass sun/security/util/ManifestDigester$Position
instanceKlass sun/security/util/ManifestDigester
instanceKlass sun/security/util/SignatureFileVerifier
instanceKlass com/android/ide/common/signing/KeystoreHelper
instanceKlass com/android/build/gradle/internal/utils/EnvironmentProviderImpl
instanceKlass com/android/utils/EnvironmentProvider
instanceKlass com/android/build/gradle/internal/packaging/GradleKeystoreHelper
instanceKlass com/android/build/gradle/internal/dsl/SigningConfigFactory
instanceKlass com/android/build/gradle/internal/dsl/ProductFlavorFactory
instanceKlass com/android/build/gradle/internal/dsl/BuildTypeFactory
instanceKlass com/android/build/gradle/internal/dsl/AndroidSourceSetFactory
instanceKlass com/android/build/gradle/api/AndroidSourceSet
instanceKlass com/android/build/api/dsl/AndroidSourceSet
instanceKlass com/android/build/gradle/internal/scope/DelayedActionsExecutor
instanceKlass com/android/build/gradle/internal/dependency/SourceSetManager
instanceKlass com/google/wireless/android/sdk/stats/GradleBuildVariant$VariantType$1
instanceKlass com/android/builder/core/VariantType
instanceKlass com/android/build/gradle/internal/variant/AbstractVariantInputManager$Companion
instanceKlass org/gradle/api/reflect/TypeOf$3
instanceKlass org/gradle/api/internal/ReflectiveNamedDomainObjectFactory
instanceKlass com/android/build/gradle/api/BaseVariantOutput
instanceKlass com/android/build/OutputFile
instanceKlass com/android/build/VariantOutput
instanceKlass com/android/build/gradle/internal/plugins/BasePlugin$$Lambda$598
instanceKlass com/android/build/gradle/internal/plugins/BasePlugin$$Lambda$597
instanceKlass com/android/build/gradle/internal/plugins/BasePlugin$$Lambda$596
instanceKlass android/databinding/tool/writer/JavaFileWriter
instanceKlass android/databinding/tool/DataBindingBuilder
instanceKlass org/gradle/api/internal/file/collections/DefaultConfigurableFileCollection$EmptyCollector
instanceKlass org/gradle/api/internal/file/collections/DefaultConfigurableFileCollection$ValueCollector
instanceKlass com/android/build/api/artifact/impl/TypedStorageProvider
instanceKlass com/android/build/api/artifact/impl/StorageProviderImpl
instanceKlass com/android/build/api/artifact/impl/ArtifactsImpl
instanceKlass com/android/build/api/artifact/Artifacts
instanceKlass com/android/build/gradle/internal/utils/GradleEnvironmentProviderImpl
instanceKlass com/android/build/gradle/internal/utils/GradleEnvironmentProvider
instanceKlass com/android/build/gradle/internal/dsl/DslVariableFactory
instanceKlass org/gradle/api/plugins/JavaBasePlugin$$Lambda$595
instanceKlass org/gradle/api/plugins/JavaBasePlugin$$Lambda$594
instanceKlass org/gradle/api/plugins/JavaBasePlugin$$Lambda$593
instanceKlass org/gradle/api/plugins/JavaBasePlugin$$Lambda$592
instanceKlass org/gradle/api/plugins/JavaBasePlugin$$Lambda$591
instanceKlass org/gradle/api/plugins/JavaBasePlugin$$Lambda$590
instanceKlass org/gradle/jvm/toolchain/internal/JavaToolchainQueryService$$Lambda$589
instanceKlass org/gradle/jvm/toolchain/internal/JavaToolchainQueryService$$Lambda$588
instanceKlass org/gradle/jvm/toolchain/install/internal/DefaultJavaToolchainProvisioningService$$Lambda$587
instanceKlass org/gradle/language/java/internal/JavaLanguagePluginServiceRegistry$JavaProjectScopeServices$1
instanceKlass org/gradle/language/base/internal/compile/Compiler
instanceKlass org/gradle/api/internal/tasks/compile/DefaultJavaCompilerFactory
instanceKlass org/gradle/api/internal/tasks/compile/processing/AnnotationProcessorDeclarationSerializer
instanceKlass org/gradle/api/internal/tasks/compile/processing/AnnotationProcessorDetector$ProcessorServiceLocator
instanceKlass org/gradle/process/internal/worker/child/DefaultWorkerDirectoryProvider
instanceKlass org/gradle/workers/internal/WorkerDaemonExpiration
instanceKlass org/gradle/workers/internal/WorkerDaemonClientsManager$LogLevelChangeEventListener
instanceKlass org/gradle/workers/internal/WorkerDaemonClientsManager$StopSessionScopedWorkers
instanceKlass org/gradle/workers/internal/WorkerDaemonClientsManager$WorkerProcessCleanupAction
instanceKlass org/gradle/workers/internal/WorkerDaemonStarter
instanceKlass org/gradle/process/internal/health/memory/MemoryHolder
instanceKlass org/gradle/workers/internal/DefaultActionExecutionSpecFactory
instanceKlass org/gradle/internal/snapshot/impl/AbstractSetSnapshot
instanceKlass org/gradle/internal/snapshot/impl/AbstractListSnapshot
instanceKlass org/gradle/internal/snapshot/impl/EnumValueSnapshot
instanceKlass org/gradle/internal/snapshot/impl/SerializedValueSnapshot
instanceKlass org/gradle/workers/internal/IsolatableSerializerRegistry$IsolatedSetSerializer
instanceKlass org/gradle/workers/internal/IsolatableSerializerRegistry$IsolatedListSerializer
instanceKlass org/gradle/workers/internal/IsolatableSerializerRegistry$IsolatedArraySerializer
instanceKlass org/gradle/workers/internal/IsolatableSerializerRegistry$AbstractIsolatedMapSerializer
instanceKlass org/gradle/workers/internal/IsolatableSerializerRegistry$IsolatedEnumValueSnapshotSerializer
instanceKlass org/gradle/workers/internal/IsolatableSerializerRegistry$NullValueSnapshotSerializer
instanceKlass org/gradle/workers/internal/IsolatableSerializerRegistry$IsolatedSerializedValueSnapshotSerializer
instanceKlass org/gradle/workers/internal/IsolatableSerializerRegistry$FileValueSnapshotSerializer
instanceKlass org/gradle/workers/internal/IsolatableSerializerRegistry$IsolatedImmutableManagedValueSerializer
instanceKlass org/gradle/workers/internal/IsolatableSerializerRegistry$IsolatedManagedValueSerializer
instanceKlass org/gradle/workers/internal/IsolatableSerializerRegistry$AttributeDefinitionSnapshotSerializer
instanceKlass org/gradle/workers/internal/IsolatableSerializerRegistry$LongValueSnapshotSerializer
instanceKlass org/gradle/workers/internal/IsolatableSerializerRegistry$IntegerValueSnapshotSerializer
instanceKlass org/gradle/workers/internal/IsolatableSerializerRegistry$ShortValueSnapshotSerializer
instanceKlass org/gradle/workers/internal/IsolatableSerializerRegistry$BooleanValueSnapshotSerializer
instanceKlass org/gradle/workers/internal/IsolatableSerializerRegistry$StringValueSnapshotSerializer
instanceKlass org/gradle/workers/internal/IsolatableSerializerRegistry$IsolatableSerializer
instanceKlass org/gradle/process/internal/worker/child/ApplicationClassesInSystemClassLoaderWorkerImplementationFactory
instanceKlass org/gradle/process/internal/worker/child/WorkerImplementationFactory
instanceKlass org/gradle/process/internal/worker/MultiRequestWorkerProcessBuilder
instanceKlass org/gradle/process/internal/worker/SingleRequestWorkerProcessBuilder
instanceKlass org/gradle/process/internal/worker/WorkerProcessBuilder
instanceKlass org/gradle/process/internal/worker/WorkerProcessSettings
instanceKlass org/gradle/process/internal/worker/DefaultWorkerProcessFactory
instanceKlass org/gradle/process/internal/health/memory/DefaultMemoryManager$MemoryCheck
instanceKlass org/gradle/process/internal/health/memory/DefaultMemoryManager$OsMemoryListener
instanceKlass org/gradle/process/internal/health/memory/OsMemoryStatusSnapshot
instanceKlass sun/reflect/misc/Trampoline
instanceKlass jdk/internal/module/SystemModuleFinders$SystemModuleReader$$Lambda$586
instanceKlass sun/reflect/misc/MethodUtil$1
instanceKlass jdk/management/jfr/FlightRecorderMXBeanImpl$MXBeanListener
instanceKlass jdk/jfr/FlightRecorderListener
instanceKlass jdk/jfr/FlightRecorder
instanceKlass jdk/jfr/Recording
instanceKlass javax/management/NotificationFilter
instanceKlass javax/management/NotificationListener
instanceKlass javax/management/StandardMBean$MBeanInfoSafeAction
instanceKlass jdk/management/jfr/StreamManager
instanceKlass jdk/management/jfr/EventTypeInfo
instanceKlass jdk/management/jfr/ConfigurationInfo
instanceKlass jdk/management/jfr/RecordingInfo
instanceKlass sun/reflect/generics/tree/LongSignature
instanceKlass jdk/management/jfr/SettingDescriptorInfo$1
instanceKlass jdk/management/jfr/SettingDescriptorInfo
instanceKlass com/sun/management/VMOption
instanceKlass com/sun/management/internal/HotSpotDiagnostic
instanceKlass com/sun/management/HotSpotDiagnosticMXBean
instanceKlass java/lang/management/DefaultPlatformMBeanProvider$10$$Lambda$585
instanceKlass sun/nio/ch/FileChannelImpl$1
instanceKlass sun/management/ManagementFactoryHelper$1
instanceKlass java/lang/management/BufferPoolMXBean
instanceKlass com/sun/management/GcInfo
instanceKlass javax/management/openmbean/CompositeDataView
instanceKlass com/sun/management/internal/DiagnosticCommandImpl$Wrapper
instanceKlass com/sun/management/internal/DiagnosticCommandArgumentInfo
instanceKlass com/sun/management/internal/DiagnosticCommandInfo
instanceKlass com/sun/management/internal/DiagnosticCommandImpl$OperationInfoComparator
instanceKlass javax/management/MBeanInfo$ArrayGettersSafeAction
instanceKlass javax/management/openmbean/OpenMBeanOperationInfo
instanceKlass java/util/logging/Logging
instanceKlass java/util/logging/LoggingMXBean
instanceKlass sun/management/ManagementFactoryHelper$PlatformLoggingImpl
instanceKlass java/lang/management/PlatformLoggingMXBean
instanceKlass sun/management/CompilationImpl
instanceKlass java/lang/management/CompilationMXBean
instanceKlass sun/management/VMManagementImpl$1
instanceKlass java/lang/management/DefaultPlatformMBeanProvider$5$$Lambda$584
instanceKlass java/lang/management/DefaultPlatformMBeanProvider$5$$Lambda$583
instanceKlass sun/management/BaseOperatingSystemImpl
instanceKlass com/sun/management/OperatingSystemMXBean
instanceKlass java/lang/management/OperatingSystemMXBean
instanceKlass com/sun/jmx/mbeanserver/PerInterface$MethodAndSig
instanceKlass java/lang/invoke/LambdaForm$MH
instanceKlass java/lang/invoke/LambdaForm$MH
instanceKlass java/lang/invoke/LambdaForm$MH
instanceKlass java/lang/invoke/LambdaForm$MH
instanceKlass java/lang/invoke/LambdaForm$MH
instanceKlass java/lang/invoke/LambdaForm$MH
instanceKlass java/lang/invoke/LambdaForm$MH
instanceKlass java/lang/invoke/LambdaForm$MH
instanceKlass java/lang/invoke/LambdaForm$MH
instanceKlass java/lang/invoke/LambdaForm$MH
instanceKlass java/lang/invoke/LambdaForm$MH
instanceKlass java/lang/management/LockInfo
instanceKlass java/lang/management/ThreadInfo
instanceKlass com/sun/jmx/mbeanserver/WeakIdentityHashMap
instanceKlass com/sun/jmx/mbeanserver/MXBeanLookup
instanceKlass com/sun/jmx/mbeanserver/PerInterface$InitMaps
instanceKlass com/sun/jmx/mbeanserver/PerInterface
instanceKlass java/lang/invoke/LambdaForm$MH
instanceKlass java/lang/invoke/LambdaForm$MH
instanceKlass java/lang/invoke/LambdaForm$MH
instanceKlass java/lang/invoke/LambdaForm$MH
instanceKlass java/lang/invoke/LambdaForm$MH
instanceKlass java/lang/invoke/LambdaForm$MH
instanceKlass java/lang/invoke/LambdaForm$MH
instanceKlass javax/management/openmbean/OpenMBeanAttributeInfo
instanceKlass javax/management/openmbean/OpenMBeanParameterInfo
instanceKlass com/sun/jmx/mbeanserver/MBeanIntrospector$MBeanInfoMaker
instanceKlass com/sun/jmx/mbeanserver/MBeanAnalyzer$MBeanVisitor
instanceKlass com/sun/jmx/mbeanserver/MBeanAnalyzer$AttrMethods
instanceKlass com/sun/jmx/mbeanserver/MXBeanMapping
instanceKlass javax/management/openmbean/TabularData
instanceKlass javax/management/openmbean/CompositeData
instanceKlass javax/management/openmbean/OpenType
instanceKlass com/sun/jmx/mbeanserver/MXBeanMappingFactory
instanceKlass com/sun/jmx/mbeanserver/ConvertingMethod
instanceKlass com/sun/jmx/mbeanserver/MBeanAnalyzer$MethodOrder
instanceKlass com/sun/jmx/mbeanserver/MBeanAnalyzer
instanceKlass com/sun/jmx/mbeanserver/MBeanIntrospector
instanceKlass javax/management/MXBean
instanceKlass com/sun/jmx/mbeanserver/MBeanSupport
instanceKlass com/sun/jmx/mbeanserver/DescriptorCache
instanceKlass javax/management/JMX
instanceKlass javax/management/StandardMBean
instanceKlass java/lang/management/ManagementFactory$$Lambda$582
instanceKlass sun/management/RuntimeImpl
instanceKlass java/lang/management/RuntimeMXBean
instanceKlass java/lang/management/ManagementFactory$$Lambda$581
instanceKlass java/lang/management/ManagementFactory$$Lambda$580
instanceKlass java/lang/management/ManagementFactory$$Lambda$579
instanceKlass com/sun/jmx/mbeanserver/JmxMBeanServer$3
instanceKlass javax/management/ObjectInstance
instanceKlass com/sun/jmx/mbeanserver/NamedObject
instanceKlass com/sun/jmx/interceptor/DefaultMBeanServerInterceptor$ResourceContext$1
instanceKlass com/sun/jmx/interceptor/DefaultMBeanServerInterceptor$ResourceContext
instanceKlass com/sun/jmx/mbeanserver/Repository$RegistrationContext
instanceKlass com/sun/jmx/mbeanserver/DynamicMBean2
instanceKlass com/sun/jmx/defaults/JmxProperties
instanceKlass com/sun/jmx/mbeanserver/Introspector
instanceKlass com/sun/jmx/mbeanserver/JmxMBeanServer$2
instanceKlass com/sun/jmx/interceptor/DefaultMBeanServerInterceptor
instanceKlass com/sun/jmx/interceptor/MBeanServerInterceptor
instanceKlass com/sun/jmx/mbeanserver/Repository
instanceKlass com/sun/jmx/mbeanserver/JmxMBeanServer$1
instanceKlass com/sun/jmx/mbeanserver/SecureClassLoaderRepository
instanceKlass com/sun/jmx/mbeanserver/MBeanInstantiator
instanceKlass com/sun/jmx/mbeanserver/ClassLoaderRepositorySupport$LoaderEntry
instanceKlass com/sun/jmx/mbeanserver/ClassLoaderRepositorySupport
instanceKlass com/sun/jmx/mbeanserver/ModifiableClassLoaderRepository
instanceKlass javax/management/loading/ClassLoaderRepository
instanceKlass javax/management/ImmutableDescriptor
instanceKlass javax/management/Descriptor
instanceKlass sun/util/logging/PlatformLogger$ConfigurableBridge$LoggerConfiguration
instanceKlass jdk/internal/logger/LoggerFinderLoader
instanceKlass java/lang/System$LoggerFinder$$Lambda$578
instanceKlass jdk/internal/logger/LazyLoggers$LazyLoggerFactories
instanceKlass jdk/internal/logger/LazyLoggers$1
instanceKlass jdk/internal/logger/LazyLoggers
instanceKlass com/sun/jmx/remote/util/ClassLogger
instanceKlass javax/management/NotificationBroadcasterSupport$1
instanceKlass javax/management/NotificationBroadcasterSupport
instanceKlass javax/management/MBeanInfo
instanceKlass javax/management/MBeanFeatureInfo
instanceKlass javax/management/DescriptorRead
instanceKlass javax/management/MBeanServerDelegate
instanceKlass javax/management/MBeanServerDelegateMBean
instanceKlass javax/management/MBeanRegistration
instanceKlass com/sun/jmx/mbeanserver/JmxMBeanServer
instanceKlass com/sun/jmx/mbeanserver/SunJmxMBeanServer
instanceKlass javax/management/MBeanServer
instanceKlass javax/management/MBeanServerConnection
instanceKlass javax/management/MBeanServerBuilder
instanceKlass javax/management/MBeanServerFactory
instanceKlass org/gradle/process/internal/health/memory/MBeanAttributeProvider
instanceKlass org/gradle/process/internal/health/memory/JvmMemoryStatusListener
instanceKlass org/gradle/process/internal/health/memory/DefaultMemoryManager
instanceKlass org/gradle/process/internal/health/memory/JvmMemoryStatus
instanceKlass org/gradle/process/internal/health/memory/DefaultJvmMemoryInfo
instanceKlass org/gradle/process/internal/health/memory/OsMemoryStatus
instanceKlass org/gradle/process/internal/health/memory/MBeanOsMemoryInfo
instanceKlass org/gradle/process/internal/health/memory/DefaultOsMemoryInfo
instanceKlass org/gradle/internal/jvm/inspection/DefaultJvmVersionDetector
instanceKlass org/gradle/internal/remote/internal/hub/MessageHubBackedServer
instanceKlass org/gradle/internal/jvm/inspection/JvmInstallationMetadata$DefaultJvmInstallationMetadata$$Lambda$577
instanceKlass org/gradle/internal/jvm/inspection/JvmInstallationMetadata$DefaultJvmInstallationMetadata
instanceKlass org/gradle/internal/jvm/inspection/CachingJvmMetadataDetector$$Lambda$576
instanceKlass org/gradle/internal/jvm/inspection/JvmInstallationMetadata
instanceKlass org/gradle/internal/jvm/inspection/DefaultJvmMetadataDetector
instanceKlass org/gradle/internal/jvm/inspection/CachingJvmMetadataDetector
instanceKlass org/gradle/jvm/toolchain/internal/JavaInstallationRegistry$$Lambda$575
instanceKlass net/rubygrapefruit/platform/internal/DefaultWindowsRegistry
instanceKlass org/gradle/jvm/toolchain/internal/AutoInstalledInstallationSupplier$$Lambda$574
instanceKlass org/gradle/jvm/toolchain/internal/AsdfInstallationSupplier$$Lambda$573
instanceKlass org/gradle/api/internal/provider/DefaultProviderFactory$$Lambda$572
instanceKlass org/gradle/api/internal/provider/sources/EnvironmentVariableValueSource$Parameters_Decorated
instanceKlass org/gradle/api/internal/provider/sources/EnvironmentVariableValueSource$Parameters
instanceKlass org/gradle/api/internal/provider/DefaultProviderFactory$$Lambda$571
instanceKlass org/gradle/api/internal/provider/sources/EnvironmentVariableValueSource
instanceKlass org/gradle/jvm/toolchain/internal/AutoDetectingInstallationSupplier$$Lambda$570
instanceKlass org/gradle/api/plugins/JavaPluginConvention
instanceKlass org/gradle/internal/jvm/DefaultModularitySpec
instanceKlass org/gradle/api/jvm/ModularitySpec
instanceKlass org/gradle/api/java/archives/Manifest
instanceKlass org/gradle/jvm/toolchain/internal/DefaultJvmVendorSpec$$Lambda$569
instanceKlass org/gradle/jvm/toolchain/internal/DefaultJvmVendorSpec$$Lambda$568
instanceKlass org/gradle/internal/jvm/inspection/JvmVendor
instanceKlass org/gradle/jvm/toolchain/JvmVendorSpec
instanceKlass org/gradle/jvm/toolchain/JavaLanguageVersion
instanceKlass org/gradle/jvm/toolchain/JvmImplementation
instanceKlass org/gradle/jvm/toolchain/internal/DefaultToolchainSpec
instanceKlass org/gradle/jvm/toolchain/internal/ToolchainSpecInternal
instanceKlass org/gradle/api/reporting/ReportingExtension
instanceKlass org/gradle/api/plugins/ReportingBasePlugin
instanceKlass org/gradle/api/internal/artifacts/type/DefaultArtifactTypeContainer$DefaultArtifactTypeDefinition
instanceKlass org/gradle/api/artifacts/type/ArtifactTypeDefinition
instanceKlass org/gradle/api/internal/tasks/DefaultSourceSetContainer$1
instanceKlass org/gradle/api/plugins/JvmEcosystemPlugin
instanceKlass org/gradle/api/plugins/BasePlugin$$Lambda$567
instanceKlass org/gradle/api/plugins/BasePlugin$$Lambda$566
instanceKlass org/gradle/api/plugins/BasePlugin$$Lambda$565
instanceKlass org/gradle/api/internal/ExecuteDomainObjectCollectionCallbackBuildOperationType$1
instanceKlass org/gradle/api/internal/ExecuteDomainObjectCollectionCallbackBuildOperationType$Result
instanceKlass org/gradle/api/internal/ExecuteDomainObjectCollectionCallbackBuildOperationType
instanceKlass com/android/build/gradle/internal/DependencyResolutionChecks$registerDependencyCheck$2$1
instanceKlass org/gradle/api/internal/DefaultCollectionCallbackActionDecorator$OperationDetails
instanceKlass org/gradle/api/internal/ExecuteDomainObjectCollectionCallbackBuildOperationType$Details
instanceKlass org/gradle/api/internal/DefaultCollectionCallbackActionDecorator$Operation
instanceKlass org/gradle/api/internal/collections/CollectionFilter$1
instanceKlass org/gradle/api/plugins/BasePlugin$$Lambda$564
instanceKlass org/gradle/api/internal/tasks/DefaultRealizableTaskCollection
instanceKlass org/gradle/api/internal/plugins/AbstractRule
instanceKlass org/gradle/api/internal/file/DefaultFilePropertyFactory$PathToDirectoryTransformer
instanceKlass org/gradle/api/plugins/BasePluginConvention
instanceKlass org/gradle/api/plugins/internal/DefaultBasePluginExtension
instanceKlass org/gradle/language/base/plugins/LifecycleBasePlugin$$Lambda$563
instanceKlass org/gradle/language/base/plugins/LifecycleBasePlugin$$Lambda$562
instanceKlass org/gradle/language/base/plugins/LifecycleBasePlugin$$Lambda$561
instanceKlass org/gradle/language/base/internal/plugins/CleanRule
instanceKlass org/gradle/language/base/plugins/LifecycleBasePlugin$$Lambda$560
instanceKlass org/gradle/language/base/plugins/LifecycleBasePlugin$$Lambda$559
instanceKlass org/gradle/internal/cleanup/DefaultBuildOutputCleanupRegistry
instanceKlass org/gradle/language/base/plugins/LifecycleBasePlugin
instanceKlass org/gradle/api/internal/plugins/DefaultArtifactPublicationSet
instanceKlass org/gradle/api/plugins/BasePluginExtension
instanceKlass org/gradle/api/plugins/BasePlugin
instanceKlass org/gradle/api/plugins/jvm/internal/JvmEcosystemAttributesDetails
instanceKlass org/gradle/api/tasks/SourceSetContainer
instanceKlass org/gradle/api/plugins/jvm/internal/DefaultJvmPluginServices
instanceKlass org/gradle/api/internal/component/SoftwareComponentInternal
instanceKlass org/gradle/api/internal/tasks/compile/HasCompileOptions
instanceKlass org/gradle/api/reporting/Reporting
instanceKlass org/gradle/api/tasks/VerificationTask
instanceKlass org/gradle/api/plugins/internal/DefaultJavaPluginExtension
instanceKlass org/gradle/api/tasks/SourceSet
instanceKlass org/gradle/api/plugins/JavaPluginExtension
instanceKlass org/gradle/api/plugins/JavaBasePlugin
instanceKlass com/android/build/gradle/internal/utils/GradlePluginUtils$enforceMinimumVersionsOfPlugins$1
instanceKlass java/util/regex/Pattern$2
instanceKlass com/google/common/base/Strings
instanceKlass com/android/build/gradle/internal/utils/DependencyInfo
instanceKlass com/android/build/gradle/internal/utils/GradlePluginUtils
instanceKlass com/android/build/gradle/internal/errors/IncompatibleProjectOptionsReporter
instanceKlass com/android/build/gradle/internal/errors/OptionInfo
instanceKlass com/android/build/gradle/internal/plugins/BasePlugin$$Lambda$558
instanceKlass java/lang/invoke/LambdaForm$DMH
instanceKlass com/android/build/gradle/internal/services/ClassesHierarchyBuildService
instanceKlass com/android/build/gradle/internal/utils/HasConfigurableValuesKt
instanceKlass com/android/build/gradle/options/ProjectOptions$$Lambda$557
instanceKlass com/android/build/gradle/internal/services/SymbolTableBuildService$Parameters
instanceKlass com/android/build/gradle/internal/services/SymbolTableBuildService
instanceKlass com/android/build/gradle/internal/AvdComponentsBuildService$Parameters_Decorated
instanceKlass com/android/build/gradle/internal/AvdComponentsBuildService$Parameters
instanceKlass com/android/build/gradle/internal/AvdComponentsBuildService
instanceKlass com/android/build/gradle/internal/plugins/BasePlugin$$Lambda$556
instanceKlass org/gradle/api/internal/provider/TypeSanitizingTransformer
instanceKlass org/gradle/api/internal/file/DefaultFilePropertyFactory$AbstractFileVar$1
instanceKlass com/android/build/gradle/internal/ManagedDeviceUtilsKt$getManagedDeviceAvdFolder$1
instanceKlass com/android/build/gradle/internal/ManagedDeviceUtilsKt
instanceKlass com/android/build/gradle/internal/SdkComponentsBuildService$Parameters_Decorated
instanceKlass com/android/build/gradle/internal/SdkComponentsBuildService$Parameters
instanceKlass com/android/build/gradle/internal/errors/SyncIssueReporterImpl$GlobalSyncIssueService$Parameters_Decorated
instanceKlass com/android/build/gradle/internal/errors/SyncIssueReporterImpl$GlobalSyncIssueService$Parameters
instanceKlass com/android/build/gradle/internal/services/Aapt2DaemonBuildService$Parameters
instanceKlass com/android/build/gradle/internal/services/Aapt2DaemonBuildService
instanceKlass com/android/build/gradle/internal/services/Aapt2ThreadPoolBuildService$Params_Decorated
instanceKlass com/android/build/gradle/internal/services/Aapt2ThreadPoolBuildService$Params
instanceKlass java/util/concurrent/ForkJoinPool$WorkQueue
instanceKlass java/util/concurrent/ForkJoinPool$1
instanceKlass java/util/concurrent/ForkJoinPool$DefaultForkJoinWorkerThreadFactory
instanceKlass java/util/concurrent/ForkJoinPool$ForkJoinWorkerThreadFactory
instanceKlass java/util/concurrent/ForkJoinTask
instanceKlass com/android/build/gradle/internal/services/Aapt2ThreadPoolBuildServiceKt
instanceKlass com/android/build/gradle/internal/services/Aapt2ThreadPoolBuildService
instanceKlass com/google/common/collect/Multiset
instanceKlass com/google/common/collect/AbstractMultimap
instanceKlass com/android/builder/model/Dependencies
instanceKlass com/android/builder/model/level2/DependencyGraphs
instanceKlass com/google/common/collect/ListMultimap
instanceKlass com/google/common/collect/Multimap
instanceKlass com/android/tools/lint/gradle/api/LintClassLoaderProvider
instanceKlass com/android/build/gradle/internal/ide/v2/GlobalLibraryBuildService$Parameters_Decorated
instanceKlass com/android/build/gradle/internal/ide/v2/GlobalLibraryBuildService$Parameters
instanceKlass com/android/build/gradle/internal/ide/v2/GlobalLibraryBuildService
instanceKlass com/android/build/gradle/internal/ide/dependencies/LibraryDependencyCacheBuildService$Parameters_Decorated
instanceKlass com/android/build/gradle/internal/ide/dependencies/LibraryDependencyCacheBuildService$Parameters
instanceKlass com/android/build/gradle/internal/ide/dependencies/LibraryDependencyCacheBuildService
instanceKlass com/android/build/gradle/internal/ide/dependencies/MavenCoordinatesCacheBuildService$Parameters_Decorated
instanceKlass com/android/build/gradle/internal/ide/dependencies/MavenCoordinatesCacheBuildService$Parameters
instanceKlass com/android/build/gradle/internal/ide/dependencies/MavenCoordinatesCacheBuildService
instanceKlass com/android/build/gradle/internal/services/StringCachingBuildService
instanceKlass com/android/builder/internal/StringCachingService
instanceKlass com/google/wireless/android/sdk/stats/GradleTaskExecutionOrBuilder
instanceKlass com/google/wireless/android/sdk/stats/GradleTransformExecutionOrBuilder
instanceKlass com/android/build/gradle/internal/plugins/BasePlugin$$Lambda$555
instanceKlass com/google/wireless/android/sdk/stats/GradleBuildProfileSpan$ExecutionType$1
instanceKlass com/android/build/gradle/internal/profile/AnalyticsUtil$$Lambda$554
instanceKlass com/android/build/gradle/internal/profile/AnalyticsUtil$$Lambda$553
instanceKlass com/android/tools/build/gradle/internal/profile/BooleanOption$1
instanceKlass com/android/build/gradle/internal/profile/AnalyticsUtil$$Lambda$552
instanceKlass com/android/build/gradle/options/OptionParsers
instanceKlass com/google/wireless/android/sdk/stats/GradleIntegerOptionEntryOrBuilder
instanceKlass com/android/build/gradle/internal/profile/AnalyticsUtil
instanceKlass com/google/wireless/android/sdk/stats/GradleBuildProject$PluginGeneration$1
instanceKlass com/google/wireless/android/sdk/stats/GradleBuildProject$PluginType$1
instanceKlass com/google/protobuf/Internal$EnumLiteMap
instanceKlass com/google/common/cache/LocalCache$StrongValueReference
instanceKlass com/google/common/util/concurrent/AbstractFuture$Failure
instanceKlass com/google/common/util/concurrent/AbstractFuture$Cancellation
instanceKlass com/google/common/util/concurrent/AbstractFuture$SetFuture
instanceKlass com/google/common/util/concurrent/Uninterruptibles
instanceKlass com/android/builder/profile/NameAnonymizer$Project
instanceKlass com/google/common/base/Platform$JdkPatternCompiler
instanceKlass com/google/common/base/PatternCompiler
instanceKlass com/google/common/base/Platform
instanceKlass com/google/common/cache/LocalCache$AbstractReferenceEntry
instanceKlass com/google/common/base/Stopwatch
instanceKlass com/google/common/util/concurrent/AbstractFuture$Waiter
instanceKlass com/google/common/util/concurrent/AbstractFuture$Listener
instanceKlass com/google/common/util/concurrent/AbstractFuture$UnsafeAtomicHelper$1
instanceKlass com/google/common/util/concurrent/AbstractFuture$AtomicHelper
instanceKlass com/google/common/util/concurrent/internal/InternalFutureFailureAccess
instanceKlass com/google/common/util/concurrent/AbstractFuture$Trusted
instanceKlass com/google/common/util/concurrent/ListenableFuture
instanceKlass com/google/common/cache/LocalCache$LoadingValueReference
instanceKlass com/google/wireless/android/sdk/stats/GradleBuildProject$1
instanceKlass com/google/wireless/android/sdk/stats/GradleBuildSplitsOrBuilder
instanceKlass com/google/wireless/android/sdk/stats/GradleBuildProjectMetricsOrBuilder
instanceKlass com/google/wireless/android/sdk/stats/GradleProjectOptionsSettingsOrBuilder
instanceKlass com/google/protobuf/Internal$ListAdapter$Converter
instanceKlass com/android/build/gradle/internal/profile/AnalyticsResourceManager$getProjectBuilder$1
instanceKlass org/gradle/configuration/internal/DefaultListenerBuildOperationDecorator$BuildOperationEmittingInvocationHandler
instanceKlass org/apache/commons/lang/ClassUtils
instanceKlass org/gradle/execution/taskgraph/DefaultTaskExecutionGraph$$Lambda$551
instanceKlass com/android/build/gradle/internal/profile/AnalyticsConfiguratorService$createAnalyticsService$2
instanceKlass com/android/build/gradle/internal/utils/AgpVersionChecker$enforceTheSamePluginVersions$1
instanceKlass com/android/build/gradle/internal/utils/AgpVersionChecker
instanceKlass com/android/build/gradle/api/AndroidBasePlugin
instanceKlass com/android/build/gradle/internal/DependencyResolutionChecks$registerDependencyCheck$2
instanceKlass org/gradle/configuration/internal/DefaultListenerBuildOperationDecorator$BuildOperationEmittingAction
instanceKlass com/android/build/gradle/internal/DependencyResolutionChecks$registerDependencyCheck$1
instanceKlass org/gradle/api/internal/plugins/DslObject
instanceKlass com/android/build/gradle/internal/DependencyResolutionChecks
instanceKlass com/android/build/gradle/internal/plugins/BasePlugin$$Lambda$550
instanceKlass com/android/build/gradle/internal/res/Aapt2FromMaven$Companion$create$aapt2Directory$1$1
instanceKlass com/android/build/gradle/internal/res/Aapt2FromMaven$Companion$create$aapt2Directory$1
instanceKlass org/gradle/api/internal/artifacts/transform/DefaultTransformationRegistrationFactory$DefaultArtifactTransformRegistration
instanceKlass org/gradle/api/internal/artifacts/transform/DefaultTransformer$IsolateTransformerParameters
instanceKlass org/gradle/work/InputChanges
instanceKlass org/gradle/internal/instantiation/generator/DependencyInjectingInstantiator$1
instanceKlass org/gradle/api/internal/tasks/properties/FileParameterUtils
instanceKlass org/gradle/api/internal/artifacts/transform/AbstractTransformer
instanceKlass org/gradle/api/internal/tasks/properties/ValidationAction
instanceKlass org/gradle/api/internal/tasks/properties/PropertyVisitor$Adapter
instanceKlass org/gradle/internal/reflect/ProblemRecordingTypeValidationContext
instanceKlass org/gradle/api/internal/tasks/properties/DefaultTypeMetadataStore$DefaultTypeMetadata
instanceKlass org/gradle/api/internal/tasks/properties/DefaultTypeMetadataStore$DefaultPropertyMetadata
instanceKlass org/gradle/internal/reflect/validation/ReplayingTypeValidationContext$$Lambda$549
instanceKlass org/gradle/internal/reflect/annotations/impl/DefaultTypeAnnotationMetadataStore$PropertyAnnotationMetadataBuilder$$Lambda$548
instanceKlass java/lang/invoke/LambdaForm$DMH
instanceKlass com/google/common/collect/SortedIterables
instanceKlass org/gradle/internal/reflect/annotations/impl/DefaultTypeAnnotationMetadata$$Lambda$547
instanceKlass org/gradle/internal/reflect/annotations/impl/DefaultTypeAnnotationMetadata
instanceKlass com/google/common/collect/AbstractMapBasedMultimap$KeySet$1
instanceKlass org/gradle/internal/reflect/annotations/impl/DefaultPropertyAnnotationMetadata
instanceKlass org/gradle/internal/reflect/annotations/impl/DefaultTypeAnnotationMetadataStore$$Lambda$546
instanceKlass org/gradle/internal/reflect/annotations/impl/DefaultTypeAnnotationMetadataStore$PropertyAnnotationMetadataBuilder$$Lambda$545
instanceKlass com/google/common/collect/MultimapBuilder$LinkedHashSetSupplier
instanceKlass org/gradle/internal/reflect/annotations/impl/DefaultTypeAnnotationMetadataStore$PropertyAnnotationMetadataBuilder$$Lambda$544
instanceKlass com/google/common/collect/SortedSetMultimap
instanceKlass com/google/common/collect/Multimaps
instanceKlass com/google/common/collect/MultimapBuilder$ArrayListSupplier
instanceKlass com/google/common/collect/MultimapBuilder$MultimapBuilderWithKeys
instanceKlass com/google/common/collect/MultimapBuilder
instanceKlass org/gradle/internal/reflect/annotations/impl/DefaultTypeAnnotationMetadataStore$PropertyAnnotationMetadataBuilder$$Lambda$543
instanceKlass org/gradle/internal/reflect/annotations/PropertyAnnotationMetadata
instanceKlass org/gradle/internal/reflect/annotations/impl/DefaultTypeAnnotationMetadataStore$$Lambda$542
instanceKlass org/gradle/internal/reflect/annotations/impl/DefaultTypeAnnotationMetadataStore$PropertyAnnotationMetadataBuilder
instanceKlass org/gradle/internal/reflect/annotations/impl/DefaultTypeAnnotationMetadataStore$$Lambda$541
instanceKlass org/gradle/api/artifacts/transform/TransformOutputs
instanceKlass org/gradle/internal/reflect/annotations/impl/DefaultTypeAnnotationMetadataStore$$Lambda$540
instanceKlass org/gradle/internal/reflect/annotations/impl/DefaultTypeAnnotationMetadataStore$$Lambda$539
instanceKlass org/gradle/internal/reflect/annotations/impl/DefaultTypeAnnotationMetadataStore$TypeAnnotationMetadataVisitor
instanceKlass org/gradle/internal/reflect/annotations/impl/DefaultTypeAnnotationMetadataStore$$Lambda$538
instanceKlass org/gradle/internal/reflect/annotations/impl/DefaultTypeAnnotationMetadataStore$$Lambda$537
instanceKlass org/gradle/internal/reflect/validation/ReplayingTypeValidationContext
instanceKlass org/gradle/api/internal/GeneratedSubclasses
instanceKlass com/android/build/gradle/internal/dependency/GenericTransformParameters_Decorated
instanceKlass com/android/build/gradle/internal/dependency/GenericTransformParameters
instanceKlass com/android/build/gradle/internal/res/Aapt2FromMaven$Companion$create$1
instanceKlass com/android/build/gradle/internal/res/Aapt2FromMaven$Companion$Aapt2Extractor
instanceKlass org/gradle/api/internal/artifacts/dependencies/AbstractExternalModuleDependency$$Lambda$536
instanceKlass org/gradle/api/internal/artifacts/configurations/DetachedConfigurationsProvider
instanceKlass org/gradle/internal/typeconversion/MapKey
instanceKlass com/google/common/primitives/Ints
instanceKlass com/google/common/collect/Platform
instanceKlass com/google/common/collect/Ordering
instanceKlass com/android/support/AndroidxNameUtils$$Lambda$535
instanceKlass kotlin/Unit
instanceKlass org/apache/xerces/dom/NamedNodeMapImpl
instanceKlass org/apache/xerces/dom/CharacterDataImpl$1
instanceKlass com/android/utils/XmlUtils$SubTagIterator
instanceKlass org/apache/xerces/impl/Constants$ArrayEnumeration
instanceKlass org/apache/xerces/impl/Constants
instanceKlass org/apache/xerces/util/XMLChar
instanceKlass org/apache/xerces/dom/DeferredDocumentImpl$RefCount
instanceKlass org/w3c/dom/events/MutationEvent
